2022-06-06 17:16:34.332 [http-nio-8085-exec-3] DEBUG c.a.q.d.U.selectAllByName -==>  Preparing: select id, username, password, status from user_info where username = ? and status = "1"
2022-06-06 17:16:34.332 [http-nio-8085-exec-3] DEBUG c.a.q.d.U.selectAllByName -==>  Preparing: select id, username, password, status from user_info where username = ? and status = "1"
2022-06-06 17:16:34.354 [http-nio-8085-exec-3] DEBUG c.a.q.d.U.selectAllByName -==> Parameters: admin(String)
2022-06-06 17:16:34.354 [http-nio-8085-exec-3] DEBUG c.a.q.d.U.selectAllByName -==> Parameters: admin(String)
2022-06-06 17:16:34.370 [http-nio-8085-exec-3] DEBUG c.a.q.d.U.selectAllByName -<==      Total: 1
2022-06-06 17:16:34.370 [http-nio-8085-exec-3] DEBUG c.a.q.d.U.selectAllByName -<==      Total: 1
2022-06-06 17:16:34.503 [http-nio-8085-exec-1] DEBUG c.a.q.d.P.queryProjectList -==>  Preparing: select id,project_name as projectName,project_content as projectContent,creation_date as createDate FROM project_info WHERE 1 = 1 AND created_by = ? ORDER BY creation_date DESC
2022-06-06 17:16:34.503 [http-nio-8085-exec-1] DEBUG c.a.q.d.P.queryProjectList -==>  Preparing: select id,project_name as projectName,project_content as projectContent,creation_date as createDate FROM project_info WHERE 1 = 1 AND created_by = ? ORDER BY creation_date DESC
2022-06-06 17:16:34.504 [http-nio-8085-exec-1] DEBUG c.a.q.d.P.queryProjectList -==> Parameters: admin(String)
2022-06-06 17:16:34.504 [http-nio-8085-exec-1] DEBUG c.a.q.d.P.queryProjectList -==> Parameters: admin(String)
2022-06-06 17:16:34.510 [http-nio-8085-exec-1] DEBUG c.a.q.d.P.queryProjectList -<==      Total: 2
2022-06-06 17:16:34.510 [http-nio-8085-exec-1] DEBUG c.a.q.d.P.queryProjectList -<==      Total: 2
2022-06-06 17:16:36.085 [http-nio-8085-exec-5] DEBUG c.a.q.d.U.queryUserList_COUNT -==>  Preparing: SELECT count(0) FROM user_info WHERE username LIKE CONCAT(CONCAT('%', ?), '%')
2022-06-06 17:16:36.085 [http-nio-8085-exec-5] DEBUG c.a.q.d.U.queryUserList_COUNT -==>  Preparing: SELECT count(0) FROM user_info WHERE username LIKE CONCAT(CONCAT('%', ?), '%')
2022-06-06 17:16:36.085 [http-nio-8085-exec-5] DEBUG c.a.q.d.U.queryUserList_COUNT -==> Parameters: (String)
2022-06-06 17:16:36.085 [http-nio-8085-exec-5] DEBUG c.a.q.d.U.queryUserList_COUNT -==> Parameters: (String)
2022-06-06 17:16:36.091 [http-nio-8085-exec-5] DEBUG c.a.q.d.U.queryUserList_COUNT -<==      Total: 1
2022-06-06 17:16:36.091 [http-nio-8085-exec-5] DEBUG c.a.q.d.U.queryUserList_COUNT -<==      Total: 1
2022-06-06 17:16:36.092 [http-nio-8085-exec-5] DEBUG c.a.q.d.U.queryUserList -==>  Preparing: select id, username, `password`, start_time as startTime, stop_time as endTime FROM user_info WHERE username LIKE CONCAT(CONCAT('%', ?), '%') ORDER BY start_time DESC LIMIT 10
2022-06-06 17:16:36.092 [http-nio-8085-exec-5] DEBUG c.a.q.d.U.queryUserList -==>  Preparing: select id, username, `password`, start_time as startTime, stop_time as endTime FROM user_info WHERE username LIKE CONCAT(CONCAT('%', ?), '%') ORDER BY start_time DESC LIMIT 10
2022-06-06 17:16:36.092 [http-nio-8085-exec-5] DEBUG c.a.q.d.U.queryUserList -==> Parameters: (String)
2022-06-06 17:16:36.092 [http-nio-8085-exec-5] DEBUG c.a.q.d.U.queryUserList -==> Parameters: (String)
2022-06-06 17:16:36.094 [http-nio-8085-exec-5] DEBUG c.a.q.d.U.queryUserList -<==      Total: 10
2022-06-06 17:16:36.094 [http-nio-8085-exec-5] DEBUG c.a.q.d.U.queryUserList -<==      Total: 10
2022-06-06 17:17:28.533 [http-nio-8085-exec-9] DEBUG c.a.q.d.U.queryUserList_COUNT -==>  Preparing: SELECT count(0) FROM user_info WHERE username LIKE CONCAT(CONCAT('%', ?), '%')
2022-06-06 17:17:28.533 [http-nio-8085-exec-9] DEBUG c.a.q.d.U.queryUserList_COUNT -==>  Preparing: SELECT count(0) FROM user_info WHERE username LIKE CONCAT(CONCAT('%', ?), '%')
2022-06-06 17:17:28.534 [http-nio-8085-exec-9] DEBUG c.a.q.d.U.queryUserList_COUNT -==> Parameters: (String)
2022-06-06 17:17:28.534 [http-nio-8085-exec-9] DEBUG c.a.q.d.U.queryUserList_COUNT -==> Parameters: (String)
2022-06-06 17:17:28.535 [http-nio-8085-exec-9] DEBUG c.a.q.d.U.queryUserList_COUNT -<==      Total: 1
2022-06-06 17:17:28.535 [http-nio-8085-exec-9] DEBUG c.a.q.d.U.queryUserList_COUNT -<==      Total: 1
2022-06-06 17:17:28.536 [http-nio-8085-exec-9] DEBUG c.a.q.d.U.queryUserList -==>  Preparing: select id, username, `password`, start_time as startTime, stop_time as endTime FROM user_info WHERE username LIKE CONCAT(CONCAT('%', ?), '%') ORDER BY start_time DESC LIMIT 10
2022-06-06 17:17:28.536 [http-nio-8085-exec-9] DEBUG c.a.q.d.U.queryUserList -==>  Preparing: select id, username, `password`, start_time as startTime, stop_time as endTime FROM user_info WHERE username LIKE CONCAT(CONCAT('%', ?), '%') ORDER BY start_time DESC LIMIT 10
2022-06-06 17:17:28.536 [http-nio-8085-exec-9] DEBUG c.a.q.d.U.queryUserList -==> Parameters: (String)
2022-06-06 17:17:28.536 [http-nio-8085-exec-9] DEBUG c.a.q.d.U.queryUserList -==> Parameters: (String)
2022-06-06 17:17:28.538 [http-nio-8085-exec-9] DEBUG c.a.q.d.U.queryUserList -<==      Total: 10
2022-06-06 17:17:28.538 [http-nio-8085-exec-9] DEBUG c.a.q.d.U.queryUserList -<==      Total: 10
2022-06-06 17:17:32.510 [http-nio-8085-exec-2] DEBUG c.a.q.d.U.queryUserList_COUNT -==>  Preparing: SELECT count(0) FROM user_info WHERE username LIKE CONCAT(CONCAT('%', ?), '%')
2022-06-06 17:17:32.510 [http-nio-8085-exec-2] DEBUG c.a.q.d.U.queryUserList_COUNT -==>  Preparing: SELECT count(0) FROM user_info WHERE username LIKE CONCAT(CONCAT('%', ?), '%')
2022-06-06 17:17:32.510 [http-nio-8085-exec-2] DEBUG c.a.q.d.U.queryUserList_COUNT -==> Parameters: (String)
2022-06-06 17:17:32.510 [http-nio-8085-exec-2] DEBUG c.a.q.d.U.queryUserList_COUNT -==> Parameters: (String)
2022-06-06 17:17:32.511 [http-nio-8085-exec-2] DEBUG c.a.q.d.U.queryUserList_COUNT -<==      Total: 1
2022-06-06 17:17:32.511 [http-nio-8085-exec-2] DEBUG c.a.q.d.U.queryUserList_COUNT -<==      Total: 1
2022-06-06 17:17:32.512 [http-nio-8085-exec-2] DEBUG c.a.q.d.U.queryUserList -==>  Preparing: select id, username, `password`, start_time as startTime, stop_time as endTime FROM user_info WHERE username LIKE CONCAT(CONCAT('%', ?), '%') ORDER BY start_time DESC LIMIT 10
2022-06-06 17:17:32.512 [http-nio-8085-exec-2] DEBUG c.a.q.d.U.queryUserList -==>  Preparing: select id, username, `password`, start_time as startTime, stop_time as endTime FROM user_info WHERE username LIKE CONCAT(CONCAT('%', ?), '%') ORDER BY start_time DESC LIMIT 10
2022-06-06 17:17:32.512 [http-nio-8085-exec-2] DEBUG c.a.q.d.U.queryUserList -==> Parameters: (String)
2022-06-06 17:17:32.512 [http-nio-8085-exec-2] DEBUG c.a.q.d.U.queryUserList -==> Parameters: (String)
2022-06-06 17:17:32.515 [http-nio-8085-exec-2] DEBUG c.a.q.d.U.queryUserList -<==      Total: 10
2022-06-06 17:17:32.515 [http-nio-8085-exec-2] DEBUG c.a.q.d.U.queryUserList -<==      Total: 10
2022-06-06 17:17:43.811 [http-nio-8085-exec-4] DEBUG c.a.q.d.U.selectAllByName -==>  Preparing: select id, username, password, status from user_info where username = ? and status = "1"
2022-06-06 17:17:43.811 [http-nio-8085-exec-4] DEBUG c.a.q.d.U.selectAllByName -==>  Preparing: select id, username, password, status from user_info where username = ? and status = "1"
2022-06-06 17:17:43.811 [http-nio-8085-exec-4] DEBUG c.a.q.d.U.selectAllByName -==> Parameters: Alpha(String)
2022-06-06 17:17:43.811 [http-nio-8085-exec-4] DEBUG c.a.q.d.U.selectAllByName -==> Parameters: Alpha(String)
2022-06-06 17:17:43.812 [http-nio-8085-exec-4] DEBUG c.a.q.d.U.selectAllByName -<==      Total: 1
2022-06-06 17:17:43.812 [http-nio-8085-exec-4] DEBUG c.a.q.d.U.selectAllByName -<==      Total: 1
2022-06-06 17:17:43.881 [http-nio-8085-exec-6] DEBUG c.a.q.d.P.queryProjectList -==>  Preparing: select id,project_name as projectName,project_content as projectContent,creation_date as createDate FROM project_info WHERE 1 = 1 AND created_by = ? ORDER BY creation_date DESC
2022-06-06 17:17:43.881 [http-nio-8085-exec-6] DEBUG c.a.q.d.P.queryProjectList -==>  Preparing: select id,project_name as projectName,project_content as projectContent,creation_date as createDate FROM project_info WHERE 1 = 1 AND created_by = ? ORDER BY creation_date DESC
2022-06-06 17:17:43.881 [http-nio-8085-exec-6] DEBUG c.a.q.d.P.queryProjectList -==> Parameters: Alpha(String)
2022-06-06 17:17:43.881 [http-nio-8085-exec-6] DEBUG c.a.q.d.P.queryProjectList -==> Parameters: Alpha(String)
2022-06-06 17:17:43.882 [http-nio-8085-exec-6] DEBUG c.a.q.d.P.queryProjectList -<==      Total: 0
2022-06-06 17:17:43.882 [http-nio-8085-exec-6] DEBUG c.a.q.d.P.queryProjectList -<==      Total: 0
2022-06-06 17:17:46.397 [http-nio-8085-exec-9] DEBUG c.a.q.d.U.queryUserList_COUNT -==>  Preparing: SELECT count(0) FROM user_info WHERE username LIKE CONCAT(CONCAT('%', ?), '%')
2022-06-06 17:17:46.397 [http-nio-8085-exec-9] DEBUG c.a.q.d.U.queryUserList_COUNT -==>  Preparing: SELECT count(0) FROM user_info WHERE username LIKE CONCAT(CONCAT('%', ?), '%')
2022-06-06 17:17:46.398 [http-nio-8085-exec-9] DEBUG c.a.q.d.U.queryUserList_COUNT -==> Parameters: (String)
2022-06-06 17:17:46.398 [http-nio-8085-exec-9] DEBUG c.a.q.d.U.queryUserList_COUNT -==> Parameters: (String)
2022-06-06 17:17:46.398 [http-nio-8085-exec-9] DEBUG c.a.q.d.U.queryUserList_COUNT -<==      Total: 1
2022-06-06 17:17:46.398 [http-nio-8085-exec-9] DEBUG c.a.q.d.U.queryUserList_COUNT -<==      Total: 1
2022-06-06 17:17:46.399 [http-nio-8085-exec-9] DEBUG c.a.q.d.U.queryUserList -==>  Preparing: select id, username, `password`, start_time as startTime, stop_time as endTime FROM user_info WHERE username LIKE CONCAT(CONCAT('%', ?), '%') ORDER BY start_time DESC LIMIT 10
2022-06-06 17:17:46.399 [http-nio-8085-exec-9] DEBUG c.a.q.d.U.queryUserList -==>  Preparing: select id, username, `password`, start_time as startTime, stop_time as endTime FROM user_info WHERE username LIKE CONCAT(CONCAT('%', ?), '%') ORDER BY start_time DESC LIMIT 10
2022-06-06 17:17:46.399 [http-nio-8085-exec-9] DEBUG c.a.q.d.U.queryUserList -==> Parameters: (String)
2022-06-06 17:17:46.399 [http-nio-8085-exec-9] DEBUG c.a.q.d.U.queryUserList -==> Parameters: (String)
2022-06-06 17:17:46.400 [http-nio-8085-exec-9] DEBUG c.a.q.d.U.queryUserList -<==      Total: 10
2022-06-06 17:17:46.400 [http-nio-8085-exec-9] DEBUG c.a.q.d.U.queryUserList -<==      Total: 10
2022-06-06 17:22:34.199 [http-nio-8085-exec-1] DEBUG c.a.q.d.U.selectAllByName -==>  Preparing: select id, username, password, status from user_info where username = ? and status = "1"
2022-06-06 17:22:34.199 [http-nio-8085-exec-1] DEBUG c.a.q.d.U.selectAllByName -==>  Preparing: select id, username, password, status from user_info where username = ? and status = "1"
2022-06-06 17:22:34.220 [http-nio-8085-exec-1] DEBUG c.a.q.d.U.selectAllByName -==> Parameters: admin(String)
2022-06-06 17:22:34.220 [http-nio-8085-exec-1] DEBUG c.a.q.d.U.selectAllByName -==> Parameters: admin(String)
2022-06-06 17:22:34.236 [http-nio-8085-exec-1] DEBUG c.a.q.d.U.selectAllByName -<==      Total: 1
2022-06-06 17:22:34.236 [http-nio-8085-exec-1] DEBUG c.a.q.d.U.selectAllByName -<==      Total: 1
2022-06-06 17:22:34.355 [http-nio-8085-exec-6] DEBUG c.a.q.d.P.queryProjectList -==>  Preparing: select id,project_name as projectName,project_content as projectContent,creation_date as createDate FROM project_info WHERE 1 = 1 AND created_by = ? ORDER BY creation_date DESC
2022-06-06 17:22:34.355 [http-nio-8085-exec-6] DEBUG c.a.q.d.P.queryProjectList -==>  Preparing: select id,project_name as projectName,project_content as projectContent,creation_date as createDate FROM project_info WHERE 1 = 1 AND created_by = ? ORDER BY creation_date DESC
2022-06-06 17:22:34.357 [http-nio-8085-exec-6] DEBUG c.a.q.d.P.queryProjectList -==> Parameters: admin(String)
2022-06-06 17:22:34.357 [http-nio-8085-exec-6] DEBUG c.a.q.d.P.queryProjectList -==> Parameters: admin(String)
2022-06-06 17:22:34.363 [http-nio-8085-exec-6] DEBUG c.a.q.d.P.queryProjectList -<==      Total: 2
2022-06-06 17:22:34.363 [http-nio-8085-exec-6] DEBUG c.a.q.d.P.queryProjectList -<==      Total: 2
2022-06-06 17:22:35.893 [http-nio-8085-exec-3] DEBUG c.a.q.d.U.queryUserList_COUNT -==>  Preparing: SELECT count(0) FROM user_info WHERE username LIKE CONCAT(CONCAT('%', ?), '%')
2022-06-06 17:22:35.893 [http-nio-8085-exec-3] DEBUG c.a.q.d.U.queryUserList_COUNT -==>  Preparing: SELECT count(0) FROM user_info WHERE username LIKE CONCAT(CONCAT('%', ?), '%')
2022-06-06 17:22:35.893 [http-nio-8085-exec-3] DEBUG c.a.q.d.U.queryUserList_COUNT -==> Parameters: (String)
2022-06-06 17:22:35.893 [http-nio-8085-exec-3] DEBUG c.a.q.d.U.queryUserList_COUNT -==> Parameters: (String)
2022-06-06 17:22:35.895 [http-nio-8085-exec-3] DEBUG c.a.q.d.U.queryUserList_COUNT -<==      Total: 1
2022-06-06 17:22:35.895 [http-nio-8085-exec-3] DEBUG c.a.q.d.U.queryUserList_COUNT -<==      Total: 1
2022-06-06 17:22:35.896 [http-nio-8085-exec-3] DEBUG c.a.q.d.U.queryUserList -==>  Preparing: select id, username, `password`, start_time as startTime, stop_time as endTime FROM user_info WHERE username LIKE CONCAT(CONCAT('%', ?), '%') ORDER BY start_time DESC LIMIT 10
2022-06-06 17:22:35.896 [http-nio-8085-exec-3] DEBUG c.a.q.d.U.queryUserList -==>  Preparing: select id, username, `password`, start_time as startTime, stop_time as endTime FROM user_info WHERE username LIKE CONCAT(CONCAT('%', ?), '%') ORDER BY start_time DESC LIMIT 10
2022-06-06 17:22:35.897 [http-nio-8085-exec-3] DEBUG c.a.q.d.U.queryUserList -==> Parameters: (String)
2022-06-06 17:22:35.897 [http-nio-8085-exec-3] DEBUG c.a.q.d.U.queryUserList -==> Parameters: (String)
2022-06-06 17:22:35.899 [http-nio-8085-exec-3] DEBUG c.a.q.d.U.queryUserList -<==      Total: 10
2022-06-06 17:22:35.899 [http-nio-8085-exec-3] DEBUG c.a.q.d.U.queryUserList -<==      Total: 10
2022-06-06 17:23:21.750 [http-nio-8085-exec-8] DEBUG c.a.q.d.U.queryUserList_COUNT -==>  Preparing: SELECT count(0) FROM user_info WHERE username LIKE CONCAT(CONCAT('%', ?), '%')
2022-06-06 17:23:21.750 [http-nio-8085-exec-8] DEBUG c.a.q.d.U.queryUserList_COUNT -==>  Preparing: SELECT count(0) FROM user_info WHERE username LIKE CONCAT(CONCAT('%', ?), '%')
2022-06-06 17:23:21.750 [http-nio-8085-exec-8] DEBUG c.a.q.d.U.queryUserList_COUNT -==> Parameters: (String)
2022-06-06 17:23:21.750 [http-nio-8085-exec-8] DEBUG c.a.q.d.U.queryUserList_COUNT -==> Parameters: (String)
2022-06-06 17:23:21.751 [http-nio-8085-exec-8] DEBUG c.a.q.d.U.queryUserList_COUNT -<==      Total: 1
2022-06-06 17:23:21.751 [http-nio-8085-exec-8] DEBUG c.a.q.d.U.queryUserList_COUNT -<==      Total: 1
2022-06-06 17:23:21.751 [http-nio-8085-exec-8] DEBUG c.a.q.d.U.queryUserList -==>  Preparing: select id, username, `password`, start_time as startTime, stop_time as endTime FROM user_info WHERE username LIKE CONCAT(CONCAT('%', ?), '%') ORDER BY start_time DESC LIMIT 10
2022-06-06 17:23:21.751 [http-nio-8085-exec-8] DEBUG c.a.q.d.U.queryUserList -==>  Preparing: select id, username, `password`, start_time as startTime, stop_time as endTime FROM user_info WHERE username LIKE CONCAT(CONCAT('%', ?), '%') ORDER BY start_time DESC LIMIT 10
2022-06-06 17:23:21.752 [http-nio-8085-exec-8] DEBUG c.a.q.d.U.queryUserList -==> Parameters: (String)
2022-06-06 17:23:21.752 [http-nio-8085-exec-8] DEBUG c.a.q.d.U.queryUserList -==> Parameters: (String)
2022-06-06 17:23:21.754 [http-nio-8085-exec-8] DEBUG c.a.q.d.U.queryUserList -<==      Total: 10
2022-06-06 17:23:21.754 [http-nio-8085-exec-8] DEBUG c.a.q.d.U.queryUserList -<==      Total: 10
2022-06-06 17:49:45.800 [http-nio-8085-exec-2] DEBUG c.a.q.d.U.selectUserInfo -==>  Preparing: SELECT id, username, `password`, status FROM user_info WHERE username = ? AND `password` = ? AND status = "1"
2022-06-06 17:49:45.800 [http-nio-8085-exec-2] DEBUG c.a.q.d.U.selectUserInfo -==>  Preparing: SELECT id, username, `password`, status FROM user_info WHERE username = ? AND `password` = ? AND status = "1"
2022-06-06 17:49:45.819 [http-nio-8085-exec-2] DEBUG c.a.q.d.U.selectUserInfo -==> Parameters: admin(String), 1(String)
2022-06-06 17:49:45.819 [http-nio-8085-exec-2] DEBUG c.a.q.d.U.selectUserInfo -==> Parameters: admin(String), 1(String)
2022-06-06 17:49:45.835 [http-nio-8085-exec-2] DEBUG c.a.q.d.U.selectUserInfo -<==      Total: 1
2022-06-06 17:49:45.835 [http-nio-8085-exec-2] DEBUG c.a.q.d.U.selectUserInfo -<==      Total: 1
2022-06-06 17:49:45.984 [http-nio-8085-exec-10] DEBUG c.a.q.d.P.queryProjectList -==>  Preparing: select id,project_name as projectName,project_content as projectContent,creation_date as createDate FROM project_info WHERE 1 = 1 AND created_by = ? ORDER BY creation_date DESC
2022-06-06 17:49:45.984 [http-nio-8085-exec-10] DEBUG c.a.q.d.P.queryProjectList -==>  Preparing: select id,project_name as projectName,project_content as projectContent,creation_date as createDate FROM project_info WHERE 1 = 1 AND created_by = ? ORDER BY creation_date DESC
2022-06-06 17:49:45.985 [http-nio-8085-exec-10] DEBUG c.a.q.d.P.queryProjectList -==> Parameters: admin(String)
2022-06-06 17:49:45.985 [http-nio-8085-exec-10] DEBUG c.a.q.d.P.queryProjectList -==> Parameters: admin(String)
2022-06-06 17:49:45.991 [http-nio-8085-exec-10] DEBUG c.a.q.d.P.queryProjectList -<==      Total: 2
2022-06-06 17:49:45.991 [http-nio-8085-exec-10] DEBUG c.a.q.d.P.queryProjectList -<==      Total: 2
2022-06-06 17:49:49.522 [http-nio-8085-exec-7] DEBUG c.a.q.d.U.queryUserList_COUNT -==>  Preparing: SELECT count(0) FROM user_info WHERE username LIKE CONCAT(CONCAT('%', ?), '%')
2022-06-06 17:49:49.522 [http-nio-8085-exec-7] DEBUG c.a.q.d.U.queryUserList_COUNT -==>  Preparing: SELECT count(0) FROM user_info WHERE username LIKE CONCAT(CONCAT('%', ?), '%')
2022-06-06 17:49:49.523 [http-nio-8085-exec-7] DEBUG c.a.q.d.U.queryUserList_COUNT -==> Parameters: (String)
2022-06-06 17:49:49.523 [http-nio-8085-exec-7] DEBUG c.a.q.d.U.queryUserList_COUNT -==> Parameters: (String)
2022-06-06 17:49:49.525 [http-nio-8085-exec-7] DEBUG c.a.q.d.U.queryUserList_COUNT -<==      Total: 1
2022-06-06 17:49:49.525 [http-nio-8085-exec-7] DEBUG c.a.q.d.U.queryUserList_COUNT -<==      Total: 1
2022-06-06 17:49:49.526 [http-nio-8085-exec-7] DEBUG c.a.q.d.U.queryUserList -==>  Preparing: select id, username, `password`, start_time as startTime, stop_time as endTime FROM user_info WHERE username LIKE CONCAT(CONCAT('%', ?), '%') ORDER BY start_time DESC LIMIT 10
2022-06-06 17:49:49.526 [http-nio-8085-exec-7] DEBUG c.a.q.d.U.queryUserList -==>  Preparing: select id, username, `password`, start_time as startTime, stop_time as endTime FROM user_info WHERE username LIKE CONCAT(CONCAT('%', ?), '%') ORDER BY start_time DESC LIMIT 10
2022-06-06 17:49:49.527 [http-nio-8085-exec-7] DEBUG c.a.q.d.U.queryUserList -==> Parameters: (String)
2022-06-06 17:49:49.527 [http-nio-8085-exec-7] DEBUG c.a.q.d.U.queryUserList -==> Parameters: (String)
2022-06-06 17:49:49.530 [http-nio-8085-exec-7] DEBUG c.a.q.d.U.queryUserList -<==      Total: 10
2022-06-06 17:49:49.530 [http-nio-8085-exec-7] DEBUG c.a.q.d.U.queryUserList -<==      Total: 10
2022-06-06 18:04:52.451 [http-nio-8085-exec-1] DEBUG c.a.q.d.U.selectUserInfo -==>  Preparing: SELECT id, username, `password`, status FROM user_info WHERE username = ? AND `password` = ? AND status = "1"
2022-06-06 18:04:52.451 [http-nio-8085-exec-1] DEBUG c.a.q.d.U.selectUserInfo -==>  Preparing: SELECT id, username, `password`, status FROM user_info WHERE username = ? AND `password` = ? AND status = "1"
2022-06-06 18:04:52.470 [http-nio-8085-exec-1] DEBUG c.a.q.d.U.selectUserInfo -==> Parameters: admin(String), 1(String)
2022-06-06 18:04:52.470 [http-nio-8085-exec-1] DEBUG c.a.q.d.U.selectUserInfo -==> Parameters: admin(String), 1(String)
2022-06-06 18:04:52.496 [http-nio-8085-exec-1] DEBUG c.a.q.d.U.selectUserInfo -<==      Total: 1
2022-06-06 18:04:52.496 [http-nio-8085-exec-1] DEBUG c.a.q.d.U.selectUserInfo -<==      Total: 1
2022-06-06 18:04:52.616 [http-nio-8085-exec-4] DEBUG c.a.q.d.P.queryProjectList -==>  Preparing: select id,project_name as projectName,project_content as projectContent,creation_date as createDate FROM project_info WHERE 1 = 1 AND created_by = ? ORDER BY creation_date DESC
2022-06-06 18:04:52.616 [http-nio-8085-exec-4] DEBUG c.a.q.d.P.queryProjectList -==>  Preparing: select id,project_name as projectName,project_content as projectContent,creation_date as createDate FROM project_info WHERE 1 = 1 AND created_by = ? ORDER BY creation_date DESC
2022-06-06 18:04:52.617 [http-nio-8085-exec-4] DEBUG c.a.q.d.P.queryProjectList -==> Parameters: admin(String)
2022-06-06 18:04:52.617 [http-nio-8085-exec-4] DEBUG c.a.q.d.P.queryProjectList -==> Parameters: admin(String)
2022-06-06 18:04:52.628 [http-nio-8085-exec-4] DEBUG c.a.q.d.P.queryProjectList -<==      Total: 2
2022-06-06 18:04:52.628 [http-nio-8085-exec-4] DEBUG c.a.q.d.P.queryProjectList -<==      Total: 2
2022-06-06 18:04:54.456 [http-nio-8085-exec-3] DEBUG c.a.q.d.U.queryUserList_COUNT -==>  Preparing: SELECT count(0) FROM user_info WHERE username LIKE CONCAT(CONCAT('%', ?), '%')
2022-06-06 18:04:54.456 [http-nio-8085-exec-3] DEBUG c.a.q.d.U.queryUserList_COUNT -==>  Preparing: SELECT count(0) FROM user_info WHERE username LIKE CONCAT(CONCAT('%', ?), '%')
2022-06-06 18:04:54.457 [http-nio-8085-exec-3] DEBUG c.a.q.d.U.queryUserList_COUNT -==> Parameters: (String)
2022-06-06 18:04:54.457 [http-nio-8085-exec-3] DEBUG c.a.q.d.U.queryUserList_COUNT -==> Parameters: (String)
2022-06-06 18:04:54.462 [http-nio-8085-exec-3] DEBUG c.a.q.d.U.queryUserList_COUNT -<==      Total: 1
2022-06-06 18:04:54.462 [http-nio-8085-exec-3] DEBUG c.a.q.d.U.queryUserList_COUNT -<==      Total: 1
2022-06-06 18:04:54.463 [http-nio-8085-exec-3] DEBUG c.a.q.d.U.queryUserList -==>  Preparing: select id, username, `password`, start_time as startTime, stop_time as endTime FROM user_info WHERE username LIKE CONCAT(CONCAT('%', ?), '%') ORDER BY start_time DESC LIMIT 10
2022-06-06 18:04:54.463 [http-nio-8085-exec-3] DEBUG c.a.q.d.U.queryUserList -==>  Preparing: select id, username, `password`, start_time as startTime, stop_time as endTime FROM user_info WHERE username LIKE CONCAT(CONCAT('%', ?), '%') ORDER BY start_time DESC LIMIT 10
2022-06-06 18:04:54.464 [http-nio-8085-exec-3] DEBUG c.a.q.d.U.queryUserList -==> Parameters: (String)
2022-06-06 18:04:54.464 [http-nio-8085-exec-3] DEBUG c.a.q.d.U.queryUserList -==> Parameters: (String)
2022-06-06 18:04:54.466 [http-nio-8085-exec-3] DEBUG c.a.q.d.U.queryUserList -<==      Total: 10
2022-06-06 18:04:54.466 [http-nio-8085-exec-3] DEBUG c.a.q.d.U.queryUserList -<==      Total: 10
2022-06-06 19:03:30.717 [http-nio-8085-exec-1] DEBUG c.a.q.d.U.selectUserInfo -==>  Preparing: SELECT id, username, password, status FROM user_info WHERE username = ? AND password = ? AND status = "1"
2022-06-06 19:03:30.717 [http-nio-8085-exec-1] DEBUG c.a.q.d.U.selectUserInfo -==>  Preparing: SELECT id, username, password, status FROM user_info WHERE username = ? AND password = ? AND status = "1"
2022-06-06 19:03:30.736 [http-nio-8085-exec-1] DEBUG c.a.q.d.U.selectUserInfo -==> Parameters: admin(String), 1(String)
2022-06-06 19:03:30.736 [http-nio-8085-exec-1] DEBUG c.a.q.d.U.selectUserInfo -==> Parameters: admin(String), 1(String)
2022-06-06 19:03:30.752 [http-nio-8085-exec-1] DEBUG c.a.q.d.U.selectUserInfo -<==      Total: 1
2022-06-06 19:03:30.752 [http-nio-8085-exec-1] DEBUG c.a.q.d.U.selectUserInfo -<==      Total: 1
2022-06-06 19:03:30.889 [http-nio-8085-exec-2] DEBUG c.a.q.d.P.queryProjectList -==>  Preparing: select id,project_name as projectName,project_content as projectContent,creation_date as createDate FROM project_info WHERE 1 = 1 AND created_by = ? ORDER BY creation_date DESC
2022-06-06 19:03:30.889 [http-nio-8085-exec-2] DEBUG c.a.q.d.P.queryProjectList -==>  Preparing: select id,project_name as projectName,project_content as projectContent,creation_date as createDate FROM project_info WHERE 1 = 1 AND created_by = ? ORDER BY creation_date DESC
2022-06-06 19:03:30.891 [http-nio-8085-exec-2] DEBUG c.a.q.d.P.queryProjectList -==> Parameters: admin(String)
2022-06-06 19:03:30.891 [http-nio-8085-exec-2] DEBUG c.a.q.d.P.queryProjectList -==> Parameters: admin(String)
2022-06-06 19:03:30.898 [http-nio-8085-exec-2] DEBUG c.a.q.d.P.queryProjectList -<==      Total: 2
2022-06-06 19:03:30.898 [http-nio-8085-exec-2] DEBUG c.a.q.d.P.queryProjectList -<==      Total: 2
2022-06-06 19:03:45.650 [http-nio-8085-exec-1] DEBUG c.a.q.d.U.queryUserList_COUNT -==>  Preparing: SELECT count(0) FROM user_info WHERE username LIKE CONCAT('%', ?, '%')
2022-06-06 19:03:45.650 [http-nio-8085-exec-1] DEBUG c.a.q.d.U.queryUserList_COUNT -==>  Preparing: SELECT count(0) FROM user_info WHERE username LIKE CONCAT('%', ?, '%')
2022-06-06 19:03:45.652 [http-nio-8085-exec-1] DEBUG c.a.q.d.U.queryUserList_COUNT -==> Parameters: (String)
2022-06-06 19:03:45.652 [http-nio-8085-exec-1] DEBUG c.a.q.d.U.queryUserList_COUNT -==> Parameters: (String)
2022-06-06 19:03:45.653 [http-nio-8085-exec-1] DEBUG c.a.q.d.U.queryUserList_COUNT -<==      Total: 1
2022-06-06 19:03:45.653 [http-nio-8085-exec-1] DEBUG c.a.q.d.U.queryUserList_COUNT -<==      Total: 1
2022-06-06 19:03:45.654 [http-nio-8085-exec-1] DEBUG c.a.q.d.U.queryUserList -==>  Preparing: select id, username, password, start_time as startTime, stop_time as endTime FROM user_info WHERE username LIKE CONCAT('%', ?, '%') ORDER BY start_time DESC LIMIT 10
2022-06-06 19:03:45.654 [http-nio-8085-exec-1] DEBUG c.a.q.d.U.queryUserList -==>  Preparing: select id, username, password, start_time as startTime, stop_time as endTime FROM user_info WHERE username LIKE CONCAT('%', ?, '%') ORDER BY start_time DESC LIMIT 10
2022-06-06 19:03:45.655 [http-nio-8085-exec-1] DEBUG c.a.q.d.U.queryUserList -==> Parameters: (String)
2022-06-06 19:03:45.655 [http-nio-8085-exec-1] DEBUG c.a.q.d.U.queryUserList -==> Parameters: (String)
2022-06-06 19:03:45.657 [http-nio-8085-exec-1] DEBUG c.a.q.d.U.queryUserList -<==      Total: 10
2022-06-06 19:03:45.657 [http-nio-8085-exec-1] DEBUG c.a.q.d.U.queryUserList -<==      Total: 10
2022-06-06 19:03:59.044 [http-nio-8085-exec-5] DEBUG c.a.q.d.U.queryUserList_COUNT -==>  Preparing: SELECT count(0) FROM user_info WHERE username LIKE CONCAT('%', ?, '%')
2022-06-06 19:03:59.044 [http-nio-8085-exec-5] DEBUG c.a.q.d.U.queryUserList_COUNT -==>  Preparing: SELECT count(0) FROM user_info WHERE username LIKE CONCAT('%', ?, '%')
2022-06-06 19:03:59.045 [http-nio-8085-exec-5] DEBUG c.a.q.d.U.queryUserList_COUNT -==> Parameters: (String)
2022-06-06 19:03:59.045 [http-nio-8085-exec-5] DEBUG c.a.q.d.U.queryUserList_COUNT -==> Parameters: (String)
2022-06-06 19:03:59.046 [http-nio-8085-exec-5] DEBUG c.a.q.d.U.queryUserList_COUNT -<==      Total: 1
2022-06-06 19:03:59.046 [http-nio-8085-exec-5] DEBUG c.a.q.d.U.queryUserList_COUNT -<==      Total: 1
2022-06-06 19:03:59.046 [http-nio-8085-exec-5] DEBUG c.a.q.d.U.queryUserList -==>  Preparing: select id, username, password, start_time as startTime, stop_time as endTime FROM user_info WHERE username LIKE CONCAT('%', ?, '%') ORDER BY start_time DESC LIMIT 10
2022-06-06 19:03:59.046 [http-nio-8085-exec-5] DEBUG c.a.q.d.U.queryUserList -==>  Preparing: select id, username, password, start_time as startTime, stop_time as endTime FROM user_info WHERE username LIKE CONCAT('%', ?, '%') ORDER BY start_time DESC LIMIT 10
2022-06-06 19:03:59.047 [http-nio-8085-exec-5] DEBUG c.a.q.d.U.queryUserList -==> Parameters: (String)
2022-06-06 19:03:59.047 [http-nio-8085-exec-5] DEBUG c.a.q.d.U.queryUserList -==> Parameters: (String)
2022-06-06 19:03:59.049 [http-nio-8085-exec-5] DEBUG c.a.q.d.U.queryUserList -<==      Total: 10
2022-06-06 19:03:59.049 [http-nio-8085-exec-5] DEBUG c.a.q.d.U.queryUserList -<==      Total: 10
2022-06-06 19:04:12.022 [http-nio-8085-exec-10] DEBUG c.a.q.d.U.queryUserList_COUNT -==>  Preparing: SELECT count(0) FROM user_info WHERE username LIKE CONCAT('%', ?, '%')
2022-06-06 19:04:12.022 [http-nio-8085-exec-10] DEBUG c.a.q.d.U.queryUserList_COUNT -==>  Preparing: SELECT count(0) FROM user_info WHERE username LIKE CONCAT('%', ?, '%')
2022-06-06 19:04:12.022 [http-nio-8085-exec-10] DEBUG c.a.q.d.U.queryUserList_COUNT -==> Parameters: (String)
2022-06-06 19:04:12.022 [http-nio-8085-exec-10] DEBUG c.a.q.d.U.queryUserList_COUNT -==> Parameters: (String)
2022-06-06 19:04:12.023 [http-nio-8085-exec-10] DEBUG c.a.q.d.U.queryUserList_COUNT -<==      Total: 1
2022-06-06 19:04:12.023 [http-nio-8085-exec-10] DEBUG c.a.q.d.U.queryUserList_COUNT -<==      Total: 1
2022-06-06 19:04:12.024 [http-nio-8085-exec-10] DEBUG c.a.q.d.U.queryUserList -==>  Preparing: select id, username, password, start_time as startTime, stop_time as endTime FROM user_info WHERE username LIKE CONCAT('%', ?, '%') ORDER BY start_time DESC LIMIT 10
2022-06-06 19:04:12.024 [http-nio-8085-exec-10] DEBUG c.a.q.d.U.queryUserList -==>  Preparing: select id, username, password, start_time as startTime, stop_time as endTime FROM user_info WHERE username LIKE CONCAT('%', ?, '%') ORDER BY start_time DESC LIMIT 10
2022-06-06 19:04:12.024 [http-nio-8085-exec-10] DEBUG c.a.q.d.U.queryUserList -==> Parameters: (String)
2022-06-06 19:04:12.024 [http-nio-8085-exec-10] DEBUG c.a.q.d.U.queryUserList -==> Parameters: (String)
2022-06-06 19:04:12.025 [http-nio-8085-exec-10] DEBUG c.a.q.d.U.queryUserList -<==      Total: 10
2022-06-06 19:04:12.025 [http-nio-8085-exec-10] DEBUG c.a.q.d.U.queryUserList -<==      Total: 10
2022-06-06 19:05:47.374 [http-nio-8085-exec-4] DEBUG c.a.q.dao.UserEntityMapper.insert -==>  Preparing: insert into user_info (id, username, password, start_time, stop_time, status, created_by, creation_date, last_updated_by, last_update_date) values (?, ?, ?, ?, ?, ?, ?, ?, ?, ?)
2022-06-06 19:05:47.374 [http-nio-8085-exec-4] DEBUG c.a.q.dao.UserEntityMapper.insert -==>  Preparing: insert into user_info (id, username, password, start_time, stop_time, status, created_by, creation_date, last_updated_by, last_update_date) values (?, ?, ?, ?, ?, ?, ?, ?, ?, ?)
2022-06-06 19:05:47.377 [http-nio-8085-exec-4] DEBUG c.a.q.dao.UserEntityMapper.insert -==> Parameters: 6d3d7c98a1e64f868cc5b48824bc10d8(String), Lima(String), 1234(String), 2022-06-06 19:05:36.0(Timestamp), 2022-07-06 19:05:36.0(Timestamp), 1(String), null, null, null, null
2022-06-06 19:05:47.377 [http-nio-8085-exec-4] DEBUG c.a.q.dao.UserEntityMapper.insert -==> Parameters: 6d3d7c98a1e64f868cc5b48824bc10d8(String), Lima(String), 1234(String), 2022-06-06 19:05:36.0(Timestamp), 2022-07-06 19:05:36.0(Timestamp), 1(String), null, null, null, null
2022-06-06 19:05:47.388 [http-nio-8085-exec-4] DEBUG c.a.q.dao.UserEntityMapper.insert -<==    Updates: 1
2022-06-06 19:05:47.388 [http-nio-8085-exec-4] DEBUG c.a.q.dao.UserEntityMapper.insert -<==    Updates: 1
2022-06-06 19:05:48.477 [http-nio-8085-exec-7] DEBUG c.a.q.d.U.queryUserList_COUNT -==>  Preparing: SELECT count(0) FROM user_info WHERE username LIKE CONCAT('%', ?, '%')
2022-06-06 19:05:48.477 [http-nio-8085-exec-7] DEBUG c.a.q.d.U.queryUserList_COUNT -==>  Preparing: SELECT count(0) FROM user_info WHERE username LIKE CONCAT('%', ?, '%')
2022-06-06 19:05:48.478 [http-nio-8085-exec-7] DEBUG c.a.q.d.U.queryUserList_COUNT -==> Parameters: (String)
2022-06-06 19:05:48.478 [http-nio-8085-exec-7] DEBUG c.a.q.d.U.queryUserList_COUNT -==> Parameters: (String)
2022-06-06 19:05:48.478 [http-nio-8085-exec-7] DEBUG c.a.q.d.U.queryUserList_COUNT -<==      Total: 1
2022-06-06 19:05:48.478 [http-nio-8085-exec-7] DEBUG c.a.q.d.U.queryUserList_COUNT -<==      Total: 1
2022-06-06 19:05:48.479 [http-nio-8085-exec-7] DEBUG c.a.q.d.U.queryUserList -==>  Preparing: select id, username, password, start_time as startTime, stop_time as endTime FROM user_info WHERE username LIKE CONCAT('%', ?, '%') ORDER BY start_time DESC LIMIT 10
2022-06-06 19:05:48.479 [http-nio-8085-exec-7] DEBUG c.a.q.d.U.queryUserList -==>  Preparing: select id, username, password, start_time as startTime, stop_time as endTime FROM user_info WHERE username LIKE CONCAT('%', ?, '%') ORDER BY start_time DESC LIMIT 10
2022-06-06 19:05:48.479 [http-nio-8085-exec-7] DEBUG c.a.q.d.U.queryUserList -==> Parameters: (String)
2022-06-06 19:05:48.479 [http-nio-8085-exec-7] DEBUG c.a.q.d.U.queryUserList -==> Parameters: (String)
2022-06-06 19:05:48.481 [http-nio-8085-exec-7] DEBUG c.a.q.d.U.queryUserList -<==      Total: 10
2022-06-06 19:05:48.481 [http-nio-8085-exec-7] DEBUG c.a.q.d.U.queryUserList -<==      Total: 10
2022-06-06 19:05:58.295 [http-nio-8085-exec-1] DEBUG c.a.q.d.U.queryUserList_COUNT -==>  Preparing: SELECT count(0) FROM user_info WHERE username LIKE CONCAT('%', ?, '%')
2022-06-06 19:05:58.295 [http-nio-8085-exec-1] DEBUG c.a.q.d.U.queryUserList_COUNT -==>  Preparing: SELECT count(0) FROM user_info WHERE username LIKE CONCAT('%', ?, '%')
2022-06-06 19:05:58.296 [http-nio-8085-exec-1] DEBUG c.a.q.d.U.queryUserList_COUNT -==> Parameters: Alpha(String)
2022-06-06 19:05:58.296 [http-nio-8085-exec-1] DEBUG c.a.q.d.U.queryUserList_COUNT -==> Parameters: Alpha(String)
2022-06-06 19:05:58.297 [http-nio-8085-exec-1] DEBUG c.a.q.d.U.queryUserList_COUNT -<==      Total: 1
2022-06-06 19:05:58.297 [http-nio-8085-exec-1] DEBUG c.a.q.d.U.queryUserList_COUNT -<==      Total: 1
2022-06-06 19:05:58.298 [http-nio-8085-exec-1] DEBUG c.a.q.d.U.queryUserList -==>  Preparing: select id, username, password, start_time as startTime, stop_time as endTime FROM user_info WHERE username LIKE CONCAT('%', ?, '%') ORDER BY start_time DESC LIMIT 10
2022-06-06 19:05:58.298 [http-nio-8085-exec-1] DEBUG c.a.q.d.U.queryUserList -==>  Preparing: select id, username, password, start_time as startTime, stop_time as endTime FROM user_info WHERE username LIKE CONCAT('%', ?, '%') ORDER BY start_time DESC LIMIT 10
2022-06-06 19:05:58.298 [http-nio-8085-exec-1] DEBUG c.a.q.d.U.queryUserList -==> Parameters: Alpha(String)
2022-06-06 19:05:58.298 [http-nio-8085-exec-1] DEBUG c.a.q.d.U.queryUserList -==> Parameters: Alpha(String)
2022-06-06 19:05:58.299 [http-nio-8085-exec-1] DEBUG c.a.q.d.U.queryUserList -<==      Total: 1
2022-06-06 19:05:58.299 [http-nio-8085-exec-1] DEBUG c.a.q.d.U.queryUserList -<==      Total: 1
2022-06-06 19:06:48.278 [http-nio-8085-exec-6] DEBUG c.a.q.d.U.selectUserInfo -==>  Preparing: SELECT id, username, password, status FROM user_info WHERE username = ? AND password = ? AND status = "1"
2022-06-06 19:06:48.278 [http-nio-8085-exec-6] DEBUG c.a.q.d.U.selectUserInfo -==>  Preparing: SELECT id, username, password, status FROM user_info WHERE username = ? AND password = ? AND status = "1"
2022-06-06 19:06:48.279 [http-nio-8085-exec-6] DEBUG c.a.q.d.U.selectUserInfo -==> Parameters: admin(String), 1(String)
2022-06-06 19:06:48.279 [http-nio-8085-exec-6] DEBUG c.a.q.d.U.selectUserInfo -==> Parameters: admin(String), 1(String)
2022-06-06 19:06:48.280 [http-nio-8085-exec-6] DEBUG c.a.q.d.U.selectUserInfo -<==      Total: 1
2022-06-06 19:06:48.280 [http-nio-8085-exec-6] DEBUG c.a.q.d.U.selectUserInfo -<==      Total: 1
2022-06-06 19:06:48.357 [http-nio-8085-exec-4] DEBUG c.a.q.d.P.queryProjectList -==>  Preparing: select id,project_name as projectName,project_content as projectContent,creation_date as createDate FROM project_info WHERE 1 = 1 AND created_by = ? ORDER BY creation_date DESC
2022-06-06 19:06:48.357 [http-nio-8085-exec-4] DEBUG c.a.q.d.P.queryProjectList -==>  Preparing: select id,project_name as projectName,project_content as projectContent,creation_date as createDate FROM project_info WHERE 1 = 1 AND created_by = ? ORDER BY creation_date DESC
2022-06-06 19:06:48.358 [http-nio-8085-exec-4] DEBUG c.a.q.d.P.queryProjectList -==> Parameters: admin(String)
2022-06-06 19:06:48.358 [http-nio-8085-exec-4] DEBUG c.a.q.d.P.queryProjectList -==> Parameters: admin(String)
2022-06-06 19:06:48.360 [http-nio-8085-exec-4] DEBUG c.a.q.d.P.queryProjectList -<==      Total: 2
2022-06-06 19:06:48.360 [http-nio-8085-exec-4] DEBUG c.a.q.d.P.queryProjectList -<==      Total: 2
2022-06-06 19:06:49.625 [http-nio-8085-exec-2] DEBUG c.a.q.d.U.queryUserList_COUNT -==>  Preparing: SELECT count(0) FROM user_info WHERE username LIKE CONCAT('%', ?, '%')
2022-06-06 19:06:49.625 [http-nio-8085-exec-2] DEBUG c.a.q.d.U.queryUserList_COUNT -==>  Preparing: SELECT count(0) FROM user_info WHERE username LIKE CONCAT('%', ?, '%')
2022-06-06 19:06:49.627 [http-nio-8085-exec-2] DEBUG c.a.q.d.U.queryUserList_COUNT -==> Parameters: (String)
2022-06-06 19:06:49.627 [http-nio-8085-exec-2] DEBUG c.a.q.d.U.queryUserList_COUNT -==> Parameters: (String)
2022-06-06 19:06:49.628 [http-nio-8085-exec-2] DEBUG c.a.q.d.U.queryUserList_COUNT -<==      Total: 1
2022-06-06 19:06:49.628 [http-nio-8085-exec-2] DEBUG c.a.q.d.U.queryUserList_COUNT -<==      Total: 1
2022-06-06 19:06:49.629 [http-nio-8085-exec-2] DEBUG c.a.q.d.U.queryUserList -==>  Preparing: select id, username, password, start_time as startTime, stop_time as endTime FROM user_info WHERE username LIKE CONCAT('%', ?, '%') ORDER BY start_time DESC LIMIT 10
2022-06-06 19:06:49.629 [http-nio-8085-exec-2] DEBUG c.a.q.d.U.queryUserList -==>  Preparing: select id, username, password, start_time as startTime, stop_time as endTime FROM user_info WHERE username LIKE CONCAT('%', ?, '%') ORDER BY start_time DESC LIMIT 10
2022-06-06 19:06:49.630 [http-nio-8085-exec-2] DEBUG c.a.q.d.U.queryUserList -==> Parameters: (String)
2022-06-06 19:06:49.630 [http-nio-8085-exec-2] DEBUG c.a.q.d.U.queryUserList -==> Parameters: (String)
2022-06-06 19:06:49.632 [http-nio-8085-exec-2] DEBUG c.a.q.d.U.queryUserList -<==      Total: 10
2022-06-06 19:06:49.632 [http-nio-8085-exec-2] DEBUG c.a.q.d.U.queryUserList -<==      Total: 10
2022-06-06 19:14:50.191 [http-nio-8085-exec-8] DEBUG c.a.q.d.U.selectUserInfo -==>  Preparing: SELECT id, username, password, status FROM user_info WHERE username = ? AND password = ? AND status = "1"
2022-06-06 19:14:50.191 [http-nio-8085-exec-8] DEBUG c.a.q.d.U.selectUserInfo -==>  Preparing: SELECT id, username, password, status FROM user_info WHERE username = ? AND password = ? AND status = "1"
2022-06-06 19:14:50.209 [http-nio-8085-exec-8] DEBUG c.a.q.d.U.selectUserInfo -==> Parameters: admin(String), 1(String)
2022-06-06 19:14:50.209 [http-nio-8085-exec-8] DEBUG c.a.q.d.U.selectUserInfo -==> Parameters: admin(String), 1(String)
2022-06-06 19:14:50.226 [http-nio-8085-exec-8] DEBUG c.a.q.d.U.selectUserInfo -<==      Total: 1
2022-06-06 19:14:50.226 [http-nio-8085-exec-8] DEBUG c.a.q.d.U.selectUserInfo -<==      Total: 1
2022-06-06 19:14:50.392 [http-nio-8085-exec-7] DEBUG c.a.q.d.P.queryProjectList -==>  Preparing: select id,project_name as projectName,project_content as projectContent,creation_date as createDate FROM project_info WHERE 1 = 1 AND created_by = ? ORDER BY creation_date DESC
2022-06-06 19:14:50.392 [http-nio-8085-exec-7] DEBUG c.a.q.d.P.queryProjectList -==>  Preparing: select id,project_name as projectName,project_content as projectContent,creation_date as createDate FROM project_info WHERE 1 = 1 AND created_by = ? ORDER BY creation_date DESC
2022-06-06 19:14:50.393 [http-nio-8085-exec-7] DEBUG c.a.q.d.P.queryProjectList -==> Parameters: admin(String)
2022-06-06 19:14:50.393 [http-nio-8085-exec-7] DEBUG c.a.q.d.P.queryProjectList -==> Parameters: admin(String)
2022-06-06 19:14:50.398 [http-nio-8085-exec-7] DEBUG c.a.q.d.P.queryProjectList -<==      Total: 2
2022-06-06 19:14:50.398 [http-nio-8085-exec-7] DEBUG c.a.q.d.P.queryProjectList -<==      Total: 2
2022-06-06 19:15:03.909 [http-nio-8085-exec-1] DEBUG c.a.q.d.U.queryUserList_COUNT -==>  Preparing: SELECT count(0) FROM user_info WHERE username LIKE CONCAT('%', ?, '%')
2022-06-06 19:15:03.909 [http-nio-8085-exec-1] DEBUG c.a.q.d.U.queryUserList_COUNT -==>  Preparing: SELECT count(0) FROM user_info WHERE username LIKE CONCAT('%', ?, '%')
2022-06-06 19:15:03.910 [http-nio-8085-exec-1] DEBUG c.a.q.d.U.queryUserList_COUNT -==> Parameters: (String)
2022-06-06 19:15:03.910 [http-nio-8085-exec-1] DEBUG c.a.q.d.U.queryUserList_COUNT -==> Parameters: (String)
2022-06-06 19:15:03.912 [http-nio-8085-exec-1] DEBUG c.a.q.d.U.queryUserList_COUNT -<==      Total: 1
2022-06-06 19:15:03.912 [http-nio-8085-exec-1] DEBUG c.a.q.d.U.queryUserList_COUNT -<==      Total: 1
2022-06-06 19:15:03.913 [http-nio-8085-exec-1] DEBUG c.a.q.d.U.queryUserList -==>  Preparing: select id, username, password, start_time as startTime, stop_time as endTime FROM user_info WHERE username LIKE CONCAT('%', ?, '%') ORDER BY start_time DESC LIMIT 10
2022-06-06 19:15:03.913 [http-nio-8085-exec-1] DEBUG c.a.q.d.U.queryUserList -==>  Preparing: select id, username, password, start_time as startTime, stop_time as endTime FROM user_info WHERE username LIKE CONCAT('%', ?, '%') ORDER BY start_time DESC LIMIT 10
2022-06-06 19:15:03.913 [http-nio-8085-exec-1] DEBUG c.a.q.d.U.queryUserList -==> Parameters: (String)
2022-06-06 19:15:03.913 [http-nio-8085-exec-1] DEBUG c.a.q.d.U.queryUserList -==> Parameters: (String)
2022-06-06 19:15:03.916 [http-nio-8085-exec-1] DEBUG c.a.q.d.U.queryUserList -<==      Total: 10
2022-06-06 19:15:03.916 [http-nio-8085-exec-1] DEBUG c.a.q.d.U.queryUserList -<==      Total: 10
2022-06-06 19:23:02.145 [http-nio-8085-exec-1] DEBUG c.a.q.d.U.selectUserInfo -==>  Preparing: SELECT id, username, password, status FROM user_info WHERE username = ? AND password = ? AND status = "1"
2022-06-06 19:23:02.145 [http-nio-8085-exec-1] DEBUG c.a.q.d.U.selectUserInfo -==>  Preparing: SELECT id, username, password, status FROM user_info WHERE username = ? AND password = ? AND status = "1"
2022-06-06 19:23:02.168 [http-nio-8085-exec-1] DEBUG c.a.q.d.U.selectUserInfo -==> Parameters: admin(String), 1(String)
2022-06-06 19:23:02.168 [http-nio-8085-exec-1] DEBUG c.a.q.d.U.selectUserInfo -==> Parameters: admin(String), 1(String)
2022-06-06 19:23:02.184 [http-nio-8085-exec-1] DEBUG c.a.q.d.U.selectUserInfo -<==      Total: 1
2022-06-06 19:23:02.184 [http-nio-8085-exec-1] DEBUG c.a.q.d.U.selectUserInfo -<==      Total: 1
2022-06-06 19:23:02.327 [http-nio-8085-exec-6] DEBUG c.a.q.d.P.queryProjectList -==>  Preparing: select id,project_name as projectName,project_content as projectContent,creation_date as createDate FROM project_info WHERE 1 = 1 AND created_by = ? ORDER BY creation_date DESC
2022-06-06 19:23:02.327 [http-nio-8085-exec-6] DEBUG c.a.q.d.P.queryProjectList -==>  Preparing: select id,project_name as projectName,project_content as projectContent,creation_date as createDate FROM project_info WHERE 1 = 1 AND created_by = ? ORDER BY creation_date DESC
2022-06-06 19:23:02.328 [http-nio-8085-exec-6] DEBUG c.a.q.d.P.queryProjectList -==> Parameters: admin(String)
2022-06-06 19:23:02.328 [http-nio-8085-exec-6] DEBUG c.a.q.d.P.queryProjectList -==> Parameters: admin(String)
2022-06-06 19:23:02.334 [http-nio-8085-exec-6] DEBUG c.a.q.d.P.queryProjectList -<==      Total: 2
2022-06-06 19:23:02.334 [http-nio-8085-exec-6] DEBUG c.a.q.d.P.queryProjectList -<==      Total: 2
2022-06-06 19:23:07.276 [http-nio-8085-exec-4] DEBUG c.a.q.d.U.queryUserList_COUNT -==>  Preparing: SELECT count(0) FROM user_info WHERE username LIKE CONCAT('%', ?, '%')
2022-06-06 19:23:07.276 [http-nio-8085-exec-4] DEBUG c.a.q.d.U.queryUserList_COUNT -==>  Preparing: SELECT count(0) FROM user_info WHERE username LIKE CONCAT('%', ?, '%')
2022-06-06 19:23:07.277 [http-nio-8085-exec-4] DEBUG c.a.q.d.U.queryUserList_COUNT -==> Parameters: (String)
2022-06-06 19:23:07.277 [http-nio-8085-exec-4] DEBUG c.a.q.d.U.queryUserList_COUNT -==> Parameters: (String)
2022-06-06 19:23:07.278 [http-nio-8085-exec-4] DEBUG c.a.q.d.U.queryUserList_COUNT -<==      Total: 1
2022-06-06 19:23:07.278 [http-nio-8085-exec-4] DEBUG c.a.q.d.U.queryUserList_COUNT -<==      Total: 1
2022-06-06 19:23:07.279 [http-nio-8085-exec-4] DEBUG c.a.q.d.U.queryUserList -==>  Preparing: select id, username, password, start_time as startTime, stop_time as endTime FROM user_info WHERE username LIKE CONCAT('%', ?, '%') ORDER BY start_time DESC LIMIT 10
2022-06-06 19:23:07.279 [http-nio-8085-exec-4] DEBUG c.a.q.d.U.queryUserList -==>  Preparing: select id, username, password, start_time as startTime, stop_time as endTime FROM user_info WHERE username LIKE CONCAT('%', ?, '%') ORDER BY start_time DESC LIMIT 10
2022-06-06 19:23:07.280 [http-nio-8085-exec-4] DEBUG c.a.q.d.U.queryUserList -==> Parameters: (String)
2022-06-06 19:23:07.280 [http-nio-8085-exec-4] DEBUG c.a.q.d.U.queryUserList -==> Parameters: (String)
2022-06-06 19:23:07.282 [http-nio-8085-exec-4] DEBUG c.a.q.d.U.queryUserList -<==      Total: 10
2022-06-06 19:23:07.282 [http-nio-8085-exec-4] DEBUG c.a.q.d.U.queryUserList -<==      Total: 10
2022-06-06 19:23:16.523 [http-nio-8085-exec-1] DEBUG c.a.q.d.U.queryUserList_COUNT -==>  Preparing: SELECT count(0) FROM user_info WHERE username LIKE CONCAT('%', ?, '%')
2022-06-06 19:23:16.523 [http-nio-8085-exec-1] DEBUG c.a.q.d.U.queryUserList_COUNT -==>  Preparing: SELECT count(0) FROM user_info WHERE username LIKE CONCAT('%', ?, '%')
2022-06-06 19:23:16.524 [http-nio-8085-exec-1] DEBUG c.a.q.d.U.queryUserList_COUNT -==> Parameters: (String)
2022-06-06 19:23:16.524 [http-nio-8085-exec-1] DEBUG c.a.q.d.U.queryUserList_COUNT -==> Parameters: (String)
2022-06-06 19:23:16.526 [http-nio-8085-exec-1] DEBUG c.a.q.d.U.queryUserList_COUNT -<==      Total: 1
2022-06-06 19:23:16.526 [http-nio-8085-exec-1] DEBUG c.a.q.d.U.queryUserList_COUNT -<==      Total: 1
2022-06-06 19:23:16.527 [http-nio-8085-exec-1] DEBUG c.a.q.d.U.queryUserList -==>  Preparing: select id, username, password, start_time as startTime, stop_time as endTime FROM user_info WHERE username LIKE CONCAT('%', ?, '%') ORDER BY start_time DESC LIMIT 10
2022-06-06 19:23:16.527 [http-nio-8085-exec-1] DEBUG c.a.q.d.U.queryUserList -==>  Preparing: select id, username, password, start_time as startTime, stop_time as endTime FROM user_info WHERE username LIKE CONCAT('%', ?, '%') ORDER BY start_time DESC LIMIT 10
2022-06-06 19:23:16.527 [http-nio-8085-exec-1] DEBUG c.a.q.d.U.queryUserList -==> Parameters: (String)
2022-06-06 19:23:16.527 [http-nio-8085-exec-1] DEBUG c.a.q.d.U.queryUserList -==> Parameters: (String)
2022-06-06 19:23:16.530 [http-nio-8085-exec-1] DEBUG c.a.q.d.U.queryUserList -<==      Total: 10
2022-06-06 19:23:16.530 [http-nio-8085-exec-1] DEBUG c.a.q.d.U.queryUserList -<==      Total: 10
2022-06-06 19:23:53.133 [http-nio-8085-exec-4] DEBUG c.a.q.d.U.queryUserList_COUNT -==>  Preparing: SELECT count(0) FROM user_info WHERE username LIKE CONCAT('%', ?, '%')
2022-06-06 19:23:53.133 [http-nio-8085-exec-4] DEBUG c.a.q.d.U.queryUserList_COUNT -==>  Preparing: SELECT count(0) FROM user_info WHERE username LIKE CONCAT('%', ?, '%')
2022-06-06 19:23:53.134 [http-nio-8085-exec-4] DEBUG c.a.q.d.U.queryUserList_COUNT -==> Parameters: (String)
2022-06-06 19:23:53.134 [http-nio-8085-exec-4] DEBUG c.a.q.d.U.queryUserList_COUNT -==> Parameters: (String)
2022-06-06 19:23:53.136 [http-nio-8085-exec-4] DEBUG c.a.q.d.U.queryUserList_COUNT -<==      Total: 1
2022-06-06 19:23:53.136 [http-nio-8085-exec-4] DEBUG c.a.q.d.U.queryUserList_COUNT -<==      Total: 1
2022-06-06 19:23:53.137 [http-nio-8085-exec-4] DEBUG c.a.q.d.U.queryUserList -==>  Preparing: select id, username, password, start_time as startTime, stop_time as endTime FROM user_info WHERE username LIKE CONCAT('%', ?, '%') ORDER BY start_time DESC LIMIT 10
2022-06-06 19:23:53.137 [http-nio-8085-exec-4] DEBUG c.a.q.d.U.queryUserList -==>  Preparing: select id, username, password, start_time as startTime, stop_time as endTime FROM user_info WHERE username LIKE CONCAT('%', ?, '%') ORDER BY start_time DESC LIMIT 10
2022-06-06 19:23:53.137 [http-nio-8085-exec-4] DEBUG c.a.q.d.U.queryUserList -==> Parameters: (String)
2022-06-06 19:23:53.137 [http-nio-8085-exec-4] DEBUG c.a.q.d.U.queryUserList -==> Parameters: (String)
2022-06-06 19:23:53.140 [http-nio-8085-exec-4] DEBUG c.a.q.d.U.queryUserList -<==      Total: 10
2022-06-06 19:23:53.140 [http-nio-8085-exec-4] DEBUG c.a.q.d.U.queryUserList -<==      Total: 10
2022-06-06 19:27:50.729 [http-nio-8085-exec-5] DEBUG c.a.q.d.U.queryUserList_COUNT -==>  Preparing: SELECT count(0) FROM user_info WHERE username LIKE CONCAT('%', ?, '%')
2022-06-06 19:27:50.729 [http-nio-8085-exec-5] DEBUG c.a.q.d.U.queryUserList_COUNT -==>  Preparing: SELECT count(0) FROM user_info WHERE username LIKE CONCAT('%', ?, '%')
2022-06-06 19:27:50.730 [http-nio-8085-exec-5] DEBUG c.a.q.d.U.queryUserList_COUNT -==> Parameters: (String)
2022-06-06 19:27:50.730 [http-nio-8085-exec-5] DEBUG c.a.q.d.U.queryUserList_COUNT -==> Parameters: (String)
2022-06-06 19:27:50.732 [http-nio-8085-exec-5] DEBUG c.a.q.d.U.queryUserList_COUNT -<==      Total: 1
2022-06-06 19:27:50.732 [http-nio-8085-exec-5] DEBUG c.a.q.d.U.queryUserList_COUNT -<==      Total: 1
2022-06-06 19:27:50.733 [http-nio-8085-exec-5] DEBUG c.a.q.d.U.queryUserList -==>  Preparing: select id, username, password, start_time as startTime, stop_time as endTime FROM user_info WHERE username LIKE CONCAT('%', ?, '%') ORDER BY start_time DESC LIMIT 10
2022-06-06 19:27:50.733 [http-nio-8085-exec-5] DEBUG c.a.q.d.U.queryUserList -==>  Preparing: select id, username, password, start_time as startTime, stop_time as endTime FROM user_info WHERE username LIKE CONCAT('%', ?, '%') ORDER BY start_time DESC LIMIT 10
2022-06-06 19:27:50.734 [http-nio-8085-exec-5] DEBUG c.a.q.d.U.queryUserList -==> Parameters: (String)
2022-06-06 19:27:50.734 [http-nio-8085-exec-5] DEBUG c.a.q.d.U.queryUserList -==> Parameters: (String)
2022-06-06 19:27:50.736 [http-nio-8085-exec-5] DEBUG c.a.q.d.U.queryUserList -<==      Total: 10
2022-06-06 19:27:50.736 [http-nio-8085-exec-5] DEBUG c.a.q.d.U.queryUserList -<==      Total: 10
2022-06-06 19:31:53.155 [http-nio-8085-exec-9] DEBUG c.a.q.d.P.queryProjectList -==>  Preparing: select id,project_name as projectName,project_content as projectContent,creation_date as createDate FROM project_info WHERE 1 = 1 AND created_by = ? ORDER BY creation_date DESC
2022-06-06 19:31:53.155 [http-nio-8085-exec-9] DEBUG c.a.q.d.P.queryProjectList -==>  Preparing: select id,project_name as projectName,project_content as projectContent,creation_date as createDate FROM project_info WHERE 1 = 1 AND created_by = ? ORDER BY creation_date DESC
2022-06-06 19:31:53.156 [http-nio-8085-exec-9] DEBUG c.a.q.d.P.queryProjectList -==> Parameters: admin(String)
2022-06-06 19:31:53.156 [http-nio-8085-exec-9] DEBUG c.a.q.d.P.queryProjectList -==> Parameters: admin(String)
2022-06-06 19:31:53.158 [http-nio-8085-exec-9] DEBUG c.a.q.d.P.queryProjectList -<==      Total: 2
2022-06-06 19:31:53.158 [http-nio-8085-exec-9] DEBUG c.a.q.d.P.queryProjectList -<==      Total: 2
2022-06-06 19:32:03.564 [http-nio-8085-exec-6] DEBUG c.a.q.d.U.queryUserList_COUNT -==>  Preparing: SELECT count(0) FROM user_info WHERE username LIKE CONCAT('%', ?, '%')
2022-06-06 19:32:03.564 [http-nio-8085-exec-6] DEBUG c.a.q.d.U.queryUserList_COUNT -==>  Preparing: SELECT count(0) FROM user_info WHERE username LIKE CONCAT('%', ?, '%')
2022-06-06 19:32:03.565 [http-nio-8085-exec-6] DEBUG c.a.q.d.U.queryUserList_COUNT -==> Parameters: (String)
2022-06-06 19:32:03.565 [http-nio-8085-exec-6] DEBUG c.a.q.d.U.queryUserList_COUNT -==> Parameters: (String)
2022-06-06 19:32:03.566 [http-nio-8085-exec-6] DEBUG c.a.q.d.U.queryUserList_COUNT -<==      Total: 1
2022-06-06 19:32:03.566 [http-nio-8085-exec-6] DEBUG c.a.q.d.U.queryUserList_COUNT -<==      Total: 1
2022-06-06 19:32:03.566 [http-nio-8085-exec-6] DEBUG c.a.q.d.U.queryUserList -==>  Preparing: select id, username, password, start_time as startTime, stop_time as endTime FROM user_info WHERE username LIKE CONCAT('%', ?, '%') ORDER BY start_time DESC LIMIT 10
2022-06-06 19:32:03.566 [http-nio-8085-exec-6] DEBUG c.a.q.d.U.queryUserList -==>  Preparing: select id, username, password, start_time as startTime, stop_time as endTime FROM user_info WHERE username LIKE CONCAT('%', ?, '%') ORDER BY start_time DESC LIMIT 10
2022-06-06 19:32:03.567 [http-nio-8085-exec-6] DEBUG c.a.q.d.U.queryUserList -==> Parameters: (String)
2022-06-06 19:32:03.567 [http-nio-8085-exec-6] DEBUG c.a.q.d.U.queryUserList -==> Parameters: (String)
2022-06-06 19:32:03.569 [http-nio-8085-exec-6] DEBUG c.a.q.d.U.queryUserList -<==      Total: 10
2022-06-06 19:32:03.569 [http-nio-8085-exec-6] DEBUG c.a.q.d.U.queryUserList -<==      Total: 10
2022-06-06 19:32:53.780 [http-nio-8085-exec-5] DEBUG c.a.q.d.U.queryUserList_COUNT -==>  Preparing: SELECT count(0) FROM user_info WHERE username LIKE CONCAT('%', ?, '%')
2022-06-06 19:32:53.780 [http-nio-8085-exec-5] DEBUG c.a.q.d.U.queryUserList_COUNT -==>  Preparing: SELECT count(0) FROM user_info WHERE username LIKE CONCAT('%', ?, '%')
2022-06-06 19:32:53.781 [http-nio-8085-exec-5] DEBUG c.a.q.d.U.queryUserList_COUNT -==> Parameters: (String)
2022-06-06 19:32:53.781 [http-nio-8085-exec-5] DEBUG c.a.q.d.U.queryUserList_COUNT -==> Parameters: (String)
2022-06-06 19:32:53.782 [http-nio-8085-exec-5] DEBUG c.a.q.d.U.queryUserList_COUNT -<==      Total: 1
2022-06-06 19:32:53.782 [http-nio-8085-exec-5] DEBUG c.a.q.d.U.queryUserList_COUNT -<==      Total: 1
2022-06-06 19:32:53.783 [http-nio-8085-exec-5] DEBUG c.a.q.d.U.queryUserList -==>  Preparing: select id, username, password, start_time as startTime, stop_time as endTime FROM user_info WHERE username LIKE CONCAT('%', ?, '%') ORDER BY start_time DESC LIMIT 10
2022-06-06 19:32:53.783 [http-nio-8085-exec-5] DEBUG c.a.q.d.U.queryUserList -==>  Preparing: select id, username, password, start_time as startTime, stop_time as endTime FROM user_info WHERE username LIKE CONCAT('%', ?, '%') ORDER BY start_time DESC LIMIT 10
2022-06-06 19:32:53.783 [http-nio-8085-exec-5] DEBUG c.a.q.d.U.queryUserList -==> Parameters: (String)
2022-06-06 19:32:53.783 [http-nio-8085-exec-5] DEBUG c.a.q.d.U.queryUserList -==> Parameters: (String)
2022-06-06 19:32:53.785 [http-nio-8085-exec-5] DEBUG c.a.q.d.U.queryUserList -<==      Total: 10
2022-06-06 19:32:53.785 [http-nio-8085-exec-5] DEBUG c.a.q.d.U.queryUserList -<==      Total: 10
2022-06-06 19:34:32.913 [http-nio-8085-exec-7] DEBUG c.a.q.d.U.queryUserList_COUNT -==>  Preparing: SELECT count(0) FROM user_info WHERE username LIKE CONCAT('%', ?, '%')
2022-06-06 19:34:32.913 [http-nio-8085-exec-7] DEBUG c.a.q.d.U.queryUserList_COUNT -==>  Preparing: SELECT count(0) FROM user_info WHERE username LIKE CONCAT('%', ?, '%')
2022-06-06 19:34:32.915 [http-nio-8085-exec-7] DEBUG c.a.q.d.U.queryUserList_COUNT -==> Parameters: (String)
2022-06-06 19:34:32.915 [http-nio-8085-exec-7] DEBUG c.a.q.d.U.queryUserList_COUNT -==> Parameters: (String)
2022-06-06 19:34:32.919 [http-nio-8085-exec-7] DEBUG c.a.q.d.U.queryUserList_COUNT -<==      Total: 1
2022-06-06 19:34:32.919 [http-nio-8085-exec-7] DEBUG c.a.q.d.U.queryUserList_COUNT -<==      Total: 1
2022-06-06 19:34:32.921 [http-nio-8085-exec-7] DEBUG c.a.q.d.U.queryUserList -==>  Preparing: select id, username, password, start_time as startTime, stop_time as endTime FROM user_info WHERE username LIKE CONCAT('%', ?, '%') ORDER BY start_time DESC LIMIT 10
2022-06-06 19:34:32.921 [http-nio-8085-exec-7] DEBUG c.a.q.d.U.queryUserList -==>  Preparing: select id, username, password, start_time as startTime, stop_time as endTime FROM user_info WHERE username LIKE CONCAT('%', ?, '%') ORDER BY start_time DESC LIMIT 10
2022-06-06 19:34:32.921 [http-nio-8085-exec-7] DEBUG c.a.q.d.U.queryUserList -==> Parameters: (String)
2022-06-06 19:34:32.921 [http-nio-8085-exec-7] DEBUG c.a.q.d.U.queryUserList -==> Parameters: (String)
2022-06-06 19:34:32.923 [http-nio-8085-exec-7] DEBUG c.a.q.d.U.queryUserList -<==      Total: 10
2022-06-06 19:34:32.923 [http-nio-8085-exec-7] DEBUG c.a.q.d.U.queryUserList -<==      Total: 10
2022-06-06 19:36:39.002 [http-nio-8085-exec-2] DEBUG c.a.q.d.U.queryUserList_COUNT -==>  Preparing: SELECT count(0) FROM user_info WHERE username LIKE CONCAT('%', ?, '%')
2022-06-06 19:36:39.002 [http-nio-8085-exec-2] DEBUG c.a.q.d.U.queryUserList_COUNT -==>  Preparing: SELECT count(0) FROM user_info WHERE username LIKE CONCAT('%', ?, '%')
2022-06-06 19:36:39.003 [http-nio-8085-exec-2] DEBUG c.a.q.d.U.queryUserList_COUNT -==> Parameters: (String)
2022-06-06 19:36:39.003 [http-nio-8085-exec-2] DEBUG c.a.q.d.U.queryUserList_COUNT -==> Parameters: (String)
2022-06-06 19:36:39.004 [http-nio-8085-exec-2] DEBUG c.a.q.d.U.queryUserList_COUNT -<==      Total: 1
2022-06-06 19:36:39.004 [http-nio-8085-exec-2] DEBUG c.a.q.d.U.queryUserList_COUNT -<==      Total: 1
2022-06-06 19:36:39.004 [http-nio-8085-exec-2] DEBUG c.a.q.d.U.queryUserList -==>  Preparing: select id, username, password, start_time as startTime, stop_time as endTime FROM user_info WHERE username LIKE CONCAT('%', ?, '%') ORDER BY start_time DESC LIMIT 10
2022-06-06 19:36:39.004 [http-nio-8085-exec-2] DEBUG c.a.q.d.U.queryUserList -==>  Preparing: select id, username, password, start_time as startTime, stop_time as endTime FROM user_info WHERE username LIKE CONCAT('%', ?, '%') ORDER BY start_time DESC LIMIT 10
2022-06-06 19:36:39.005 [http-nio-8085-exec-2] DEBUG c.a.q.d.U.queryUserList -==> Parameters: (String)
2022-06-06 19:36:39.005 [http-nio-8085-exec-2] DEBUG c.a.q.d.U.queryUserList -==> Parameters: (String)
2022-06-06 19:36:39.006 [http-nio-8085-exec-2] DEBUG c.a.q.d.U.queryUserList -<==      Total: 10
2022-06-06 19:36:39.006 [http-nio-8085-exec-2] DEBUG c.a.q.d.U.queryUserList -<==      Total: 10
2022-06-06 19:38:41.863 [http-nio-8085-exec-10] DEBUG c.a.q.d.P.queryProjectList -==>  Preparing: select id,project_name as projectName,project_content as projectContent,creation_date as createDate FROM project_info WHERE 1 = 1 AND created_by = ? ORDER BY creation_date DESC
2022-06-06 19:38:41.863 [http-nio-8085-exec-10] DEBUG c.a.q.d.P.queryProjectList -==>  Preparing: select id,project_name as projectName,project_content as projectContent,creation_date as createDate FROM project_info WHERE 1 = 1 AND created_by = ? ORDER BY creation_date DESC
2022-06-06 19:38:41.864 [http-nio-8085-exec-10] DEBUG c.a.q.d.P.queryProjectList -==> Parameters: admin(String)
2022-06-06 19:38:41.864 [http-nio-8085-exec-10] DEBUG c.a.q.d.P.queryProjectList -==> Parameters: admin(String)
2022-06-06 19:38:41.867 [http-nio-8085-exec-10] DEBUG c.a.q.d.P.queryProjectList -<==      Total: 2
2022-06-06 19:38:41.867 [http-nio-8085-exec-10] DEBUG c.a.q.d.P.queryProjectList -<==      Total: 2
2022-06-06 19:38:47.392 [http-nio-8085-exec-9] DEBUG c.a.q.d.U.queryUserList_COUNT -==>  Preparing: SELECT count(0) FROM user_info WHERE username LIKE CONCAT('%', ?, '%')
2022-06-06 19:38:47.392 [http-nio-8085-exec-9] DEBUG c.a.q.d.U.queryUserList_COUNT -==>  Preparing: SELECT count(0) FROM user_info WHERE username LIKE CONCAT('%', ?, '%')
2022-06-06 19:38:47.393 [http-nio-8085-exec-9] DEBUG c.a.q.d.U.queryUserList_COUNT -==> Parameters: (String)
2022-06-06 19:38:47.393 [http-nio-8085-exec-9] DEBUG c.a.q.d.U.queryUserList_COUNT -==> Parameters: (String)
2022-06-06 19:38:47.394 [http-nio-8085-exec-9] DEBUG c.a.q.d.U.queryUserList_COUNT -<==      Total: 1
2022-06-06 19:38:47.394 [http-nio-8085-exec-9] DEBUG c.a.q.d.U.queryUserList_COUNT -<==      Total: 1
2022-06-06 19:38:47.394 [http-nio-8085-exec-9] DEBUG c.a.q.d.U.queryUserList -==>  Preparing: select id, username, password, start_time as startTime, stop_time as endTime FROM user_info WHERE username LIKE CONCAT('%', ?, '%') ORDER BY start_time DESC LIMIT 10
2022-06-06 19:38:47.394 [http-nio-8085-exec-9] DEBUG c.a.q.d.U.queryUserList -==>  Preparing: select id, username, password, start_time as startTime, stop_time as endTime FROM user_info WHERE username LIKE CONCAT('%', ?, '%') ORDER BY start_time DESC LIMIT 10
2022-06-06 19:38:47.395 [http-nio-8085-exec-9] DEBUG c.a.q.d.U.queryUserList -==> Parameters: (String)
2022-06-06 19:38:47.395 [http-nio-8085-exec-9] DEBUG c.a.q.d.U.queryUserList -==> Parameters: (String)
2022-06-06 19:38:47.396 [http-nio-8085-exec-9] DEBUG c.a.q.d.U.queryUserList -<==      Total: 10
2022-06-06 19:38:47.396 [http-nio-8085-exec-9] DEBUG c.a.q.d.U.queryUserList -<==      Total: 10
2022-06-06 19:46:45.269 [http-nio-8085-exec-2] DEBUG c.a.q.d.U.selectUserInfo -==>  Preparing: SELECT id, username, password, status FROM user_info WHERE username = ? AND password = ? AND status = "1"
2022-06-06 19:46:45.269 [http-nio-8085-exec-2] DEBUG c.a.q.d.U.selectUserInfo -==>  Preparing: SELECT id, username, password, status FROM user_info WHERE username = ? AND password = ? AND status = "1"
2022-06-06 19:46:45.287 [http-nio-8085-exec-2] DEBUG c.a.q.d.U.selectUserInfo -==> Parameters: admin(String), 1(String)
2022-06-06 19:46:45.287 [http-nio-8085-exec-2] DEBUG c.a.q.d.U.selectUserInfo -==> Parameters: admin(String), 1(String)
2022-06-06 19:46:45.303 [http-nio-8085-exec-2] DEBUG c.a.q.d.U.selectUserInfo -<==      Total: 1
2022-06-06 19:46:45.303 [http-nio-8085-exec-2] DEBUG c.a.q.d.U.selectUserInfo -<==      Total: 1
2022-06-06 19:46:45.427 [http-nio-8085-exec-4] DEBUG c.a.q.d.P.queryProjectList -==>  Preparing: select id,project_name as projectName,project_content as projectContent,creation_date as createDate FROM project_info WHERE 1 = 1 AND created_by = ? ORDER BY creation_date DESC
2022-06-06 19:46:45.427 [http-nio-8085-exec-4] DEBUG c.a.q.d.P.queryProjectList -==>  Preparing: select id,project_name as projectName,project_content as projectContent,creation_date as createDate FROM project_info WHERE 1 = 1 AND created_by = ? ORDER BY creation_date DESC
2022-06-06 19:46:45.428 [http-nio-8085-exec-4] DEBUG c.a.q.d.P.queryProjectList -==> Parameters: admin(String)
2022-06-06 19:46:45.428 [http-nio-8085-exec-4] DEBUG c.a.q.d.P.queryProjectList -==> Parameters: admin(String)
2022-06-06 19:46:45.434 [http-nio-8085-exec-4] DEBUG c.a.q.d.P.queryProjectList -<==      Total: 2
2022-06-06 19:46:45.434 [http-nio-8085-exec-4] DEBUG c.a.q.d.P.queryProjectList -<==      Total: 2
2022-06-06 19:46:47.663 [http-nio-8085-exec-7] DEBUG c.a.q.d.U.queryUserList_COUNT -==>  Preparing: SELECT count(0) FROM user_info WHERE username LIKE CONCAT('%', ?, '%')
2022-06-06 19:46:47.663 [http-nio-8085-exec-7] DEBUG c.a.q.d.U.queryUserList_COUNT -==>  Preparing: SELECT count(0) FROM user_info WHERE username LIKE CONCAT('%', ?, '%')
2022-06-06 19:46:47.675 [http-nio-8085-exec-7] DEBUG c.a.q.d.U.queryUserList_COUNT -==> Parameters: (String)
2022-06-06 19:46:47.675 [http-nio-8085-exec-7] DEBUG c.a.q.d.U.queryUserList_COUNT -==> Parameters: (String)
2022-06-06 19:46:47.677 [http-nio-8085-exec-7] DEBUG c.a.q.d.U.queryUserList_COUNT -<==      Total: 1
2022-06-06 19:46:47.677 [http-nio-8085-exec-7] DEBUG c.a.q.d.U.queryUserList_COUNT -<==      Total: 1
2022-06-06 19:46:47.678 [http-nio-8085-exec-7] DEBUG c.a.q.d.U.queryUserList -==>  Preparing: select id, username, password, start_time as startTime, stop_time as endTime FROM user_info WHERE username LIKE CONCAT('%', ?, '%') ORDER BY start_time DESC LIMIT 10
2022-06-06 19:46:47.678 [http-nio-8085-exec-7] DEBUG c.a.q.d.U.queryUserList -==>  Preparing: select id, username, password, start_time as startTime, stop_time as endTime FROM user_info WHERE username LIKE CONCAT('%', ?, '%') ORDER BY start_time DESC LIMIT 10
2022-06-06 19:46:47.678 [http-nio-8085-exec-7] DEBUG c.a.q.d.U.queryUserList -==> Parameters: (String)
2022-06-06 19:46:47.678 [http-nio-8085-exec-7] DEBUG c.a.q.d.U.queryUserList -==> Parameters: (String)
2022-06-06 19:46:47.680 [http-nio-8085-exec-7] DEBUG c.a.q.d.U.queryUserList -<==      Total: 10
2022-06-06 19:46:47.680 [http-nio-8085-exec-7] DEBUG c.a.q.d.U.queryUserList -<==      Total: 10
2022-06-06 19:48:01.598 [http-nio-8085-exec-10] DEBUG c.a.q.d.U.queryUserList_COUNT -==>  Preparing: SELECT count(0) FROM user_info WHERE username LIKE CONCAT('%', ?, '%')
2022-06-06 19:48:01.598 [http-nio-8085-exec-10] DEBUG c.a.q.d.U.queryUserList_COUNT -==>  Preparing: SELECT count(0) FROM user_info WHERE username LIKE CONCAT('%', ?, '%')
2022-06-06 19:48:01.599 [http-nio-8085-exec-10] DEBUG c.a.q.d.U.queryUserList_COUNT -==> Parameters: (String)
2022-06-06 19:48:01.599 [http-nio-8085-exec-10] DEBUG c.a.q.d.U.queryUserList_COUNT -==> Parameters: (String)
2022-06-06 19:48:01.600 [http-nio-8085-exec-10] DEBUG c.a.q.d.U.queryUserList_COUNT -<==      Total: 1
2022-06-06 19:48:01.600 [http-nio-8085-exec-10] DEBUG c.a.q.d.U.queryUserList_COUNT -<==      Total: 1
2022-06-06 19:48:01.601 [http-nio-8085-exec-10] DEBUG c.a.q.d.U.queryUserList -==>  Preparing: select id, username, password, start_time as startTime, stop_time as endTime FROM user_info WHERE username LIKE CONCAT('%', ?, '%') ORDER BY start_time DESC LIMIT 10,10
2022-06-06 19:48:01.601 [http-nio-8085-exec-10] DEBUG c.a.q.d.U.queryUserList -==>  Preparing: select id, username, password, start_time as startTime, stop_time as endTime FROM user_info WHERE username LIKE CONCAT('%', ?, '%') ORDER BY start_time DESC LIMIT 10,10
2022-06-06 19:48:01.601 [http-nio-8085-exec-10] DEBUG c.a.q.d.U.queryUserList -==> Parameters: (String)
2022-06-06 19:48:01.601 [http-nio-8085-exec-10] DEBUG c.a.q.d.U.queryUserList -==> Parameters: (String)
2022-06-06 19:48:01.602 [http-nio-8085-exec-10] DEBUG c.a.q.d.U.queryUserList -<==      Total: 3
2022-06-06 19:48:01.602 [http-nio-8085-exec-10] DEBUG c.a.q.d.U.queryUserList -<==      Total: 3
2022-06-06 19:48:04.789 [http-nio-8085-exec-1] DEBUG c.a.q.d.U.queryUserList_COUNT -==>  Preparing: SELECT count(0) FROM user_info WHERE username LIKE CONCAT('%', ?, '%')
2022-06-06 19:48:04.789 [http-nio-8085-exec-1] DEBUG c.a.q.d.U.queryUserList_COUNT -==>  Preparing: SELECT count(0) FROM user_info WHERE username LIKE CONCAT('%', ?, '%')
2022-06-06 19:48:04.790 [http-nio-8085-exec-1] DEBUG c.a.q.d.U.queryUserList_COUNT -==> Parameters: (String)
2022-06-06 19:48:04.790 [http-nio-8085-exec-1] DEBUG c.a.q.d.U.queryUserList_COUNT -==> Parameters: (String)
2022-06-06 19:48:04.791 [http-nio-8085-exec-1] DEBUG c.a.q.d.U.queryUserList_COUNT -<==      Total: 1
2022-06-06 19:48:04.791 [http-nio-8085-exec-1] DEBUG c.a.q.d.U.queryUserList_COUNT -<==      Total: 1
2022-06-06 19:48:04.791 [http-nio-8085-exec-1] DEBUG c.a.q.d.U.queryUserList -==>  Preparing: select id, username, password, start_time as startTime, stop_time as endTime FROM user_info WHERE username LIKE CONCAT('%', ?, '%') ORDER BY start_time DESC LIMIT 10
2022-06-06 19:48:04.791 [http-nio-8085-exec-1] DEBUG c.a.q.d.U.queryUserList -==>  Preparing: select id, username, password, start_time as startTime, stop_time as endTime FROM user_info WHERE username LIKE CONCAT('%', ?, '%') ORDER BY start_time DESC LIMIT 10
2022-06-06 19:48:04.791 [http-nio-8085-exec-1] DEBUG c.a.q.d.U.queryUserList -==> Parameters: (String)
2022-06-06 19:48:04.791 [http-nio-8085-exec-1] DEBUG c.a.q.d.U.queryUserList -==> Parameters: (String)
2022-06-06 19:48:04.794 [http-nio-8085-exec-1] DEBUG c.a.q.d.U.queryUserList -<==      Total: 10
2022-06-06 19:48:04.794 [http-nio-8085-exec-1] DEBUG c.a.q.d.U.queryUserList -<==      Total: 10
2022-06-06 20:29:27.689 [http-nio-8085-exec-2] DEBUG c.a.q.d.U.selectUserInfo -==>  Preparing: SELECT id, username, password, status FROM user_info WHERE username = ? AND password = ? AND status = "1"
2022-06-06 20:29:27.689 [http-nio-8085-exec-2] DEBUG c.a.q.d.U.selectUserInfo -==>  Preparing: SELECT id, username, password, status FROM user_info WHERE username = ? AND password = ? AND status = "1"
2022-06-06 20:29:27.717 [http-nio-8085-exec-2] DEBUG c.a.q.d.U.selectUserInfo -==> Parameters: admin(String), 1(String)
2022-06-06 20:29:27.717 [http-nio-8085-exec-2] DEBUG c.a.q.d.U.selectUserInfo -==> Parameters: admin(String), 1(String)
2022-06-06 20:29:27.735 [http-nio-8085-exec-2] DEBUG c.a.q.d.U.selectUserInfo -<==      Total: 1
2022-06-06 20:29:27.735 [http-nio-8085-exec-2] DEBUG c.a.q.d.U.selectUserInfo -<==      Total: 1
2022-06-06 20:29:27.877 [http-nio-8085-exec-4] DEBUG c.a.q.d.P.queryProjectList -==>  Preparing: select id,project_name as projectName,project_content as projectContent,creation_date as createDate FROM project_info WHERE 1 = 1 AND created_by = ? ORDER BY creation_date DESC
2022-06-06 20:29:27.877 [http-nio-8085-exec-4] DEBUG c.a.q.d.P.queryProjectList -==>  Preparing: select id,project_name as projectName,project_content as projectContent,creation_date as createDate FROM project_info WHERE 1 = 1 AND created_by = ? ORDER BY creation_date DESC
2022-06-06 20:29:27.878 [http-nio-8085-exec-4] DEBUG c.a.q.d.P.queryProjectList -==> Parameters: admin(String)
2022-06-06 20:29:27.878 [http-nio-8085-exec-4] DEBUG c.a.q.d.P.queryProjectList -==> Parameters: admin(String)
2022-06-06 20:29:27.885 [http-nio-8085-exec-4] DEBUG c.a.q.d.P.queryProjectList -<==      Total: 2
2022-06-06 20:29:27.885 [http-nio-8085-exec-4] DEBUG c.a.q.d.P.queryProjectList -<==      Total: 2
2022-06-06 20:29:29.974 [http-nio-8085-exec-8] DEBUG c.a.q.d.U.queryUserList_COUNT -==>  Preparing: SELECT count(0) FROM user_info WHERE username LIKE CONCAT('%', ?, '%')
2022-06-06 20:29:29.974 [http-nio-8085-exec-8] DEBUG c.a.q.d.U.queryUserList_COUNT -==>  Preparing: SELECT count(0) FROM user_info WHERE username LIKE CONCAT('%', ?, '%')
2022-06-06 20:29:29.975 [http-nio-8085-exec-8] DEBUG c.a.q.d.U.queryUserList_COUNT -==> Parameters: (String)
2022-06-06 20:29:29.975 [http-nio-8085-exec-8] DEBUG c.a.q.d.U.queryUserList_COUNT -==> Parameters: (String)
2022-06-06 20:29:29.977 [http-nio-8085-exec-8] DEBUG c.a.q.d.U.queryUserList_COUNT -<==      Total: 1
2022-06-06 20:29:29.977 [http-nio-8085-exec-8] DEBUG c.a.q.d.U.queryUserList_COUNT -<==      Total: 1
2022-06-06 20:29:29.979 [http-nio-8085-exec-8] DEBUG c.a.q.d.U.queryUserList -==>  Preparing: select id, username, password, start_time as startTime, stop_time as endTime FROM user_info WHERE username LIKE CONCAT('%', ?, '%') ORDER BY start_time DESC LIMIT 10
2022-06-06 20:29:29.979 [http-nio-8085-exec-8] DEBUG c.a.q.d.U.queryUserList -==>  Preparing: select id, username, password, start_time as startTime, stop_time as endTime FROM user_info WHERE username LIKE CONCAT('%', ?, '%') ORDER BY start_time DESC LIMIT 10
2022-06-06 20:29:29.980 [http-nio-8085-exec-8] DEBUG c.a.q.d.U.queryUserList -==> Parameters: (String)
2022-06-06 20:29:29.980 [http-nio-8085-exec-8] DEBUG c.a.q.d.U.queryUserList -==> Parameters: (String)
2022-06-06 20:29:29.982 [http-nio-8085-exec-8] DEBUG c.a.q.d.U.queryUserList -<==      Total: 10
2022-06-06 20:29:29.982 [http-nio-8085-exec-8] DEBUG c.a.q.d.U.queryUserList -<==      Total: 10
2022-06-06 20:29:42.218 [http-nio-8085-exec-7] DEBUG c.a.q.dao.UserEntityMapper.insert -==>  Preparing: insert into user_info (id, username, password, start_time, stop_time, status, created_by, creation_date, last_updated_by, last_update_date) values (?, ?, ?, ?, ?, ?, ?, ?, ?, ?)
2022-06-06 20:29:42.218 [http-nio-8085-exec-7] DEBUG c.a.q.dao.UserEntityMapper.insert -==>  Preparing: insert into user_info (id, username, password, start_time, stop_time, status, created_by, creation_date, last_updated_by, last_update_date) values (?, ?, ?, ?, ?, ?, ?, ?, ?, ?)
2022-06-06 20:29:42.221 [http-nio-8085-exec-7] DEBUG c.a.q.dao.UserEntityMapper.insert -==> Parameters: 097b13361b744fb9b307dd1ae0e78273(String), Mike(String), 123456(String), 2022-06-06 20:29:32.0(Timestamp), 2022-07-06 20:29:32.0(Timestamp), 1(String), null, null, null, null
2022-06-06 20:29:42.221 [http-nio-8085-exec-7] DEBUG c.a.q.dao.UserEntityMapper.insert -==> Parameters: 097b13361b744fb9b307dd1ae0e78273(String), Mike(String), 123456(String), 2022-06-06 20:29:32.0(Timestamp), 2022-07-06 20:29:32.0(Timestamp), 1(String), null, null, null, null
2022-06-06 20:29:42.234 [http-nio-8085-exec-7] DEBUG c.a.q.dao.UserEntityMapper.insert -<==    Updates: 1
2022-06-06 20:29:42.234 [http-nio-8085-exec-7] DEBUG c.a.q.dao.UserEntityMapper.insert -<==    Updates: 1
2022-06-06 20:29:43.344 [http-nio-8085-exec-9] DEBUG c.a.q.d.U.queryUserList_COUNT -==>  Preparing: SELECT count(0) FROM user_info WHERE username LIKE CONCAT('%', ?, '%')
2022-06-06 20:29:43.344 [http-nio-8085-exec-9] DEBUG c.a.q.d.U.queryUserList_COUNT -==>  Preparing: SELECT count(0) FROM user_info WHERE username LIKE CONCAT('%', ?, '%')
2022-06-06 20:29:43.345 [http-nio-8085-exec-9] DEBUG c.a.q.d.U.queryUserList_COUNT -==> Parameters: (String)
2022-06-06 20:29:43.345 [http-nio-8085-exec-9] DEBUG c.a.q.d.U.queryUserList_COUNT -==> Parameters: (String)
2022-06-06 20:29:43.346 [http-nio-8085-exec-9] DEBUG c.a.q.d.U.queryUserList_COUNT -<==      Total: 1
2022-06-06 20:29:43.346 [http-nio-8085-exec-9] DEBUG c.a.q.d.U.queryUserList_COUNT -<==      Total: 1
2022-06-06 20:29:43.346 [http-nio-8085-exec-9] DEBUG c.a.q.d.U.queryUserList -==>  Preparing: select id, username, password, start_time as startTime, stop_time as endTime FROM user_info WHERE username LIKE CONCAT('%', ?, '%') ORDER BY start_time DESC LIMIT 10
2022-06-06 20:29:43.346 [http-nio-8085-exec-9] DEBUG c.a.q.d.U.queryUserList -==>  Preparing: select id, username, password, start_time as startTime, stop_time as endTime FROM user_info WHERE username LIKE CONCAT('%', ?, '%') ORDER BY start_time DESC LIMIT 10
2022-06-06 20:29:43.347 [http-nio-8085-exec-9] DEBUG c.a.q.d.U.queryUserList -==> Parameters: (String)
2022-06-06 20:29:43.347 [http-nio-8085-exec-9] DEBUG c.a.q.d.U.queryUserList -==> Parameters: (String)
2022-06-06 20:29:43.351 [http-nio-8085-exec-9] DEBUG c.a.q.d.U.queryUserList -<==      Total: 10
2022-06-06 20:29:43.351 [http-nio-8085-exec-9] DEBUG c.a.q.d.U.queryUserList -<==      Total: 10
2022-06-06 20:29:54.981 [http-nio-8085-exec-7] DEBUG c.a.q.d.U.selectUserInfo -==>  Preparing: SELECT id, username, password, status FROM user_info WHERE username = ? AND password = ? AND status = "1"
2022-06-06 20:29:54.981 [http-nio-8085-exec-7] DEBUG c.a.q.d.U.selectUserInfo -==>  Preparing: SELECT id, username, password, status FROM user_info WHERE username = ? AND password = ? AND status = "1"
2022-06-06 20:29:54.982 [http-nio-8085-exec-7] DEBUG c.a.q.d.U.selectUserInfo -==> Parameters: Lima(String), 1234(String)
2022-06-06 20:29:54.982 [http-nio-8085-exec-7] DEBUG c.a.q.d.U.selectUserInfo -==> Parameters: Lima(String), 1234(String)
2022-06-06 20:29:54.983 [http-nio-8085-exec-7] DEBUG c.a.q.d.U.selectUserInfo -<==      Total: 1
2022-06-06 20:29:54.983 [http-nio-8085-exec-7] DEBUG c.a.q.d.U.selectUserInfo -<==      Total: 1
2022-06-06 20:29:55.060 [http-nio-8085-exec-4] DEBUG c.a.q.d.P.queryProjectList -==>  Preparing: select id,project_name as projectName,project_content as projectContent,creation_date as createDate FROM project_info WHERE 1 = 1 AND created_by = ? ORDER BY creation_date DESC
2022-06-06 20:29:55.060 [http-nio-8085-exec-4] DEBUG c.a.q.d.P.queryProjectList -==>  Preparing: select id,project_name as projectName,project_content as projectContent,creation_date as createDate FROM project_info WHERE 1 = 1 AND created_by = ? ORDER BY creation_date DESC
2022-06-06 20:29:55.060 [http-nio-8085-exec-4] DEBUG c.a.q.d.P.queryProjectList -==> Parameters: Lima(String)
2022-06-06 20:29:55.060 [http-nio-8085-exec-4] DEBUG c.a.q.d.P.queryProjectList -==> Parameters: Lima(String)
2022-06-06 20:29:55.061 [http-nio-8085-exec-4] DEBUG c.a.q.d.P.queryProjectList -<==      Total: 0
2022-06-06 20:29:55.061 [http-nio-8085-exec-4] DEBUG c.a.q.d.P.queryProjectList -<==      Total: 0
2022-06-06 20:29:58.379 [http-nio-8085-exec-1] DEBUG c.a.q.d.U.queryUserList_COUNT -==>  Preparing: SELECT count(0) FROM user_info WHERE username LIKE CONCAT('%', ?, '%')
2022-06-06 20:29:58.379 [http-nio-8085-exec-1] DEBUG c.a.q.d.U.queryUserList_COUNT -==>  Preparing: SELECT count(0) FROM user_info WHERE username LIKE CONCAT('%', ?, '%')
2022-06-06 20:29:58.380 [http-nio-8085-exec-1] DEBUG c.a.q.d.U.queryUserList_COUNT -==> Parameters: (String)
2022-06-06 20:29:58.380 [http-nio-8085-exec-1] DEBUG c.a.q.d.U.queryUserList_COUNT -==> Parameters: (String)
2022-06-06 20:29:58.380 [http-nio-8085-exec-1] DEBUG c.a.q.d.U.queryUserList_COUNT -<==      Total: 1
2022-06-06 20:29:58.380 [http-nio-8085-exec-1] DEBUG c.a.q.d.U.queryUserList_COUNT -<==      Total: 1
2022-06-06 20:29:58.381 [http-nio-8085-exec-1] DEBUG c.a.q.d.U.queryUserList -==>  Preparing: select id, username, password, start_time as startTime, stop_time as endTime FROM user_info WHERE username LIKE CONCAT('%', ?, '%') ORDER BY start_time DESC LIMIT 10
2022-06-06 20:29:58.381 [http-nio-8085-exec-1] DEBUG c.a.q.d.U.queryUserList -==>  Preparing: select id, username, password, start_time as startTime, stop_time as endTime FROM user_info WHERE username LIKE CONCAT('%', ?, '%') ORDER BY start_time DESC LIMIT 10
2022-06-06 20:29:58.382 [http-nio-8085-exec-1] DEBUG c.a.q.d.U.queryUserList -==> Parameters: (String)
2022-06-06 20:29:58.382 [http-nio-8085-exec-1] DEBUG c.a.q.d.U.queryUserList -==> Parameters: (String)
2022-06-06 20:29:58.384 [http-nio-8085-exec-1] DEBUG c.a.q.d.U.queryUserList -<==      Total: 10
2022-06-06 20:29:58.384 [http-nio-8085-exec-1] DEBUG c.a.q.d.U.queryUserList -<==      Total: 10
2022-06-06 20:30:01.147 [http-nio-8085-exec-10] DEBUG c.a.q.d.U.queryUserList_COUNT -==>  Preparing: SELECT count(0) FROM user_info WHERE username LIKE CONCAT('%', ?, '%')
2022-06-06 20:30:01.147 [http-nio-8085-exec-10] DEBUG c.a.q.d.U.queryUserList_COUNT -==>  Preparing: SELECT count(0) FROM user_info WHERE username LIKE CONCAT('%', ?, '%')
2022-06-06 20:30:01.148 [http-nio-8085-exec-10] DEBUG c.a.q.d.U.queryUserList_COUNT -==> Parameters: (String)
2022-06-06 20:30:01.148 [http-nio-8085-exec-10] DEBUG c.a.q.d.U.queryUserList_COUNT -==> Parameters: (String)
2022-06-06 20:30:01.149 [http-nio-8085-exec-10] DEBUG c.a.q.d.U.queryUserList_COUNT -<==      Total: 1
2022-06-06 20:30:01.149 [http-nio-8085-exec-10] DEBUG c.a.q.d.U.queryUserList_COUNT -<==      Total: 1
2022-06-06 20:30:01.150 [http-nio-8085-exec-10] DEBUG c.a.q.d.U.queryUserList -==>  Preparing: select id, username, password, start_time as startTime, stop_time as endTime FROM user_info WHERE username LIKE CONCAT('%', ?, '%') ORDER BY start_time DESC LIMIT 10,10
2022-06-06 20:30:01.150 [http-nio-8085-exec-10] DEBUG c.a.q.d.U.queryUserList -==>  Preparing: select id, username, password, start_time as startTime, stop_time as endTime FROM user_info WHERE username LIKE CONCAT('%', ?, '%') ORDER BY start_time DESC LIMIT 10,10
2022-06-06 20:30:01.150 [http-nio-8085-exec-10] DEBUG c.a.q.d.U.queryUserList -==> Parameters: (String)
2022-06-06 20:30:01.150 [http-nio-8085-exec-10] DEBUG c.a.q.d.U.queryUserList -==> Parameters: (String)
2022-06-06 20:30:01.151 [http-nio-8085-exec-10] DEBUG c.a.q.d.U.queryUserList -<==      Total: 4
2022-06-06 20:30:01.151 [http-nio-8085-exec-10] DEBUG c.a.q.d.U.queryUserList -<==      Total: 4
2022-06-06 20:30:04.320 [http-nio-8085-exec-5] DEBUG c.a.q.d.U.queryUserList_COUNT -==>  Preparing: SELECT count(0) FROM user_info WHERE username LIKE CONCAT('%', ?, '%')
2022-06-06 20:30:04.320 [http-nio-8085-exec-5] DEBUG c.a.q.d.U.queryUserList_COUNT -==>  Preparing: SELECT count(0) FROM user_info WHERE username LIKE CONCAT('%', ?, '%')
2022-06-06 20:30:04.321 [http-nio-8085-exec-5] DEBUG c.a.q.d.U.queryUserList_COUNT -==> Parameters: (String)
2022-06-06 20:30:04.321 [http-nio-8085-exec-5] DEBUG c.a.q.d.U.queryUserList_COUNT -==> Parameters: (String)
2022-06-06 20:30:04.321 [http-nio-8085-exec-5] DEBUG c.a.q.d.U.queryUserList_COUNT -<==      Total: 1
2022-06-06 20:30:04.321 [http-nio-8085-exec-5] DEBUG c.a.q.d.U.queryUserList_COUNT -<==      Total: 1
2022-06-06 20:30:04.322 [http-nio-8085-exec-5] DEBUG c.a.q.d.U.queryUserList -==>  Preparing: select id, username, password, start_time as startTime, stop_time as endTime FROM user_info WHERE username LIKE CONCAT('%', ?, '%') ORDER BY start_time DESC LIMIT 10
2022-06-06 20:30:04.322 [http-nio-8085-exec-5] DEBUG c.a.q.d.U.queryUserList -==>  Preparing: select id, username, password, start_time as startTime, stop_time as endTime FROM user_info WHERE username LIKE CONCAT('%', ?, '%') ORDER BY start_time DESC LIMIT 10
2022-06-06 20:30:04.322 [http-nio-8085-exec-5] DEBUG c.a.q.d.U.queryUserList -==> Parameters: (String)
2022-06-06 20:30:04.322 [http-nio-8085-exec-5] DEBUG c.a.q.d.U.queryUserList -==> Parameters: (String)
2022-06-06 20:30:04.324 [http-nio-8085-exec-5] DEBUG c.a.q.d.U.queryUserList -<==      Total: 10
2022-06-06 20:30:04.324 [http-nio-8085-exec-5] DEBUG c.a.q.d.U.queryUserList -<==      Total: 10
2022-06-06 20:53:33.158 [http-nio-8085-exec-3] DEBUG c.a.q.d.U.selectUserInfo -==>  Preparing: SELECT id, username, password, status FROM user_info WHERE username = ? AND password = ? AND status = "1"
2022-06-06 20:53:33.158 [http-nio-8085-exec-3] DEBUG c.a.q.d.U.selectUserInfo -==>  Preparing: SELECT id, username, password, status FROM user_info WHERE username = ? AND password = ? AND status = "1"
2022-06-06 20:53:33.177 [http-nio-8085-exec-3] DEBUG c.a.q.d.U.selectUserInfo -==> Parameters: admin(String), 1234(String)
2022-06-06 20:53:33.177 [http-nio-8085-exec-3] DEBUG c.a.q.d.U.selectUserInfo -==> Parameters: admin(String), 1234(String)
2022-06-06 20:53:33.194 [http-nio-8085-exec-3] DEBUG c.a.q.d.U.selectUserInfo -<==      Total: 0
2022-06-06 20:53:33.194 [http-nio-8085-exec-3] DEBUG c.a.q.d.U.selectUserInfo -<==      Total: 0
2022-06-06 20:53:43.178 [http-nio-8085-exec-4] DEBUG c.a.q.d.U.selectUserInfo -==>  Preparing: SELECT id, username, password, status FROM user_info WHERE username = ? AND password = ? AND status = "1"
2022-06-06 20:53:43.178 [http-nio-8085-exec-4] DEBUG c.a.q.d.U.selectUserInfo -==>  Preparing: SELECT id, username, password, status FROM user_info WHERE username = ? AND password = ? AND status = "1"
2022-06-06 20:53:43.179 [http-nio-8085-exec-4] DEBUG c.a.q.d.U.selectUserInfo -==> Parameters: admin(String), 12(String)
2022-06-06 20:53:43.179 [http-nio-8085-exec-4] DEBUG c.a.q.d.U.selectUserInfo -==> Parameters: admin(String), 12(String)
2022-06-06 20:53:43.181 [http-nio-8085-exec-4] DEBUG c.a.q.d.U.selectUserInfo -<==      Total: 0
2022-06-06 20:53:43.181 [http-nio-8085-exec-4] DEBUG c.a.q.d.U.selectUserInfo -<==      Total: 0
2022-06-06 20:55:23.433 [http-nio-8085-exec-10] DEBUG c.a.q.d.U.selectUserInfo -==>  Preparing: SELECT id, username, password, status FROM user_info WHERE username = ? AND password = ? AND status = "1"
2022-06-06 20:55:23.433 [http-nio-8085-exec-10] DEBUG c.a.q.d.U.selectUserInfo -==>  Preparing: SELECT id, username, password, status FROM user_info WHERE username = ? AND password = ? AND status = "1"
2022-06-06 20:55:23.450 [http-nio-8085-exec-10] DEBUG c.a.q.d.U.selectUserInfo -==> Parameters: abcdf(String), 1(String)
2022-06-06 20:55:23.450 [http-nio-8085-exec-10] DEBUG c.a.q.d.U.selectUserInfo -==> Parameters: abcdf(String), 1(String)
2022-06-06 20:55:23.470 [http-nio-8085-exec-10] DEBUG c.a.q.d.U.selectUserInfo -<==      Total: 0
2022-06-06 20:55:23.470 [http-nio-8085-exec-10] DEBUG c.a.q.d.U.selectUserInfo -<==      Total: 0
2022-06-06 20:55:31.112 [http-nio-8085-exec-4] DEBUG c.a.q.d.U.selectUserInfo -==>  Preparing: SELECT id, username, password, status FROM user_info WHERE username = ? AND password = ? AND status = "1"
2022-06-06 20:55:31.112 [http-nio-8085-exec-4] DEBUG c.a.q.d.U.selectUserInfo -==>  Preparing: SELECT id, username, password, status FROM user_info WHERE username = ? AND password = ? AND status = "1"
2022-06-06 20:55:31.113 [http-nio-8085-exec-4] DEBUG c.a.q.d.U.selectUserInfo -==> Parameters: admin(String), 1(String)
2022-06-06 20:55:31.113 [http-nio-8085-exec-4] DEBUG c.a.q.d.U.selectUserInfo -==> Parameters: admin(String), 1(String)
2022-06-06 20:55:31.115 [http-nio-8085-exec-4] DEBUG c.a.q.d.U.selectUserInfo -<==      Total: 1
2022-06-06 20:55:31.115 [http-nio-8085-exec-4] DEBUG c.a.q.d.U.selectUserInfo -<==      Total: 1
2022-06-06 20:55:31.235 [http-nio-8085-exec-5] DEBUG c.a.q.d.P.queryProjectList -==>  Preparing: select id,project_name as projectName,project_content as projectContent,creation_date as createDate FROM project_info WHERE 1 = 1 AND created_by = ? ORDER BY creation_date DESC
2022-06-06 20:55:31.235 [http-nio-8085-exec-5] DEBUG c.a.q.d.P.queryProjectList -==>  Preparing: select id,project_name as projectName,project_content as projectContent,creation_date as createDate FROM project_info WHERE 1 = 1 AND created_by = ? ORDER BY creation_date DESC
2022-06-06 20:55:31.236 [http-nio-8085-exec-5] DEBUG c.a.q.d.P.queryProjectList -==> Parameters: admin(String)
2022-06-06 20:55:31.236 [http-nio-8085-exec-5] DEBUG c.a.q.d.P.queryProjectList -==> Parameters: admin(String)
2022-06-06 20:55:31.243 [http-nio-8085-exec-5] DEBUG c.a.q.d.P.queryProjectList -<==      Total: 2
2022-06-06 20:55:31.243 [http-nio-8085-exec-5] DEBUG c.a.q.d.P.queryProjectList -<==      Total: 2
2022-06-06 20:55:34.594 [http-nio-8085-exec-8] DEBUG c.a.q.d.U.queryUserList_COUNT -==>  Preparing: SELECT count(0) FROM user_info WHERE username LIKE CONCAT('%', ?, '%')
2022-06-06 20:55:34.594 [http-nio-8085-exec-8] DEBUG c.a.q.d.U.queryUserList_COUNT -==>  Preparing: SELECT count(0) FROM user_info WHERE username LIKE CONCAT('%', ?, '%')
2022-06-06 20:55:34.595 [http-nio-8085-exec-8] DEBUG c.a.q.d.U.queryUserList_COUNT -==> Parameters: (String)
2022-06-06 20:55:34.595 [http-nio-8085-exec-8] DEBUG c.a.q.d.U.queryUserList_COUNT -==> Parameters: (String)
2022-06-06 20:55:34.597 [http-nio-8085-exec-8] DEBUG c.a.q.d.U.queryUserList_COUNT -<==      Total: 1
2022-06-06 20:55:34.597 [http-nio-8085-exec-8] DEBUG c.a.q.d.U.queryUserList_COUNT -<==      Total: 1
2022-06-06 20:55:34.599 [http-nio-8085-exec-8] DEBUG c.a.q.d.U.queryUserList -==>  Preparing: select id, username, password, start_time as startTime, stop_time as endTime FROM user_info WHERE username LIKE CONCAT('%', ?, '%') ORDER BY start_time DESC LIMIT 10
2022-06-06 20:55:34.599 [http-nio-8085-exec-8] DEBUG c.a.q.d.U.queryUserList -==>  Preparing: select id, username, password, start_time as startTime, stop_time as endTime FROM user_info WHERE username LIKE CONCAT('%', ?, '%') ORDER BY start_time DESC LIMIT 10
2022-06-06 20:55:34.599 [http-nio-8085-exec-8] DEBUG c.a.q.d.U.queryUserList -==> Parameters: (String)
2022-06-06 20:55:34.599 [http-nio-8085-exec-8] DEBUG c.a.q.d.U.queryUserList -==> Parameters: (String)
2022-06-06 20:55:34.602 [http-nio-8085-exec-8] DEBUG c.a.q.d.U.queryUserList -<==      Total: 10
2022-06-06 20:55:34.602 [http-nio-8085-exec-8] DEBUG c.a.q.d.U.queryUserList -<==      Total: 10
2022-06-06 20:56:01.165 [http-nio-8085-exec-2] DEBUG c.a.q.dao.UserEntityMapper.insert -==>  Preparing: insert into user_info (id, username, password, start_time, stop_time, status, created_by, creation_date, last_updated_by, last_update_date) values (?, ?, ?, ?, ?, ?, ?, ?, ?, ?)
2022-06-06 20:56:01.165 [http-nio-8085-exec-2] DEBUG c.a.q.dao.UserEntityMapper.insert -==>  Preparing: insert into user_info (id, username, password, start_time, stop_time, status, created_by, creation_date, last_updated_by, last_update_date) values (?, ?, ?, ?, ?, ?, ?, ?, ?, ?)
2022-06-06 20:56:01.171 [http-nio-8085-exec-2] DEBUG c.a.q.dao.UserEntityMapper.insert -==> Parameters: 6bfbeecf36664989bdedd8bef82fd8b2(String), November(String), 1234(String), 2022-06-06 20:55:41.0(Timestamp), 2022-07-06 20:55:41.0(Timestamp), 1(String), null, null, null, null
2022-06-06 20:56:01.171 [http-nio-8085-exec-2] DEBUG c.a.q.dao.UserEntityMapper.insert -==> Parameters: 6bfbeecf36664989bdedd8bef82fd8b2(String), November(String), 1234(String), 2022-06-06 20:55:41.0(Timestamp), 2022-07-06 20:55:41.0(Timestamp), 1(String), null, null, null, null
2022-06-06 20:56:01.182 [http-nio-8085-exec-2] DEBUG c.a.q.dao.UserEntityMapper.insert -<==    Updates: 1
2022-06-06 20:56:01.182 [http-nio-8085-exec-2] DEBUG c.a.q.dao.UserEntityMapper.insert -<==    Updates: 1
2022-06-06 20:56:02.282 [http-nio-8085-exec-7] DEBUG c.a.q.d.U.queryUserList_COUNT -==>  Preparing: SELECT count(0) FROM user_info WHERE username LIKE CONCAT('%', ?, '%')
2022-06-06 20:56:02.282 [http-nio-8085-exec-7] DEBUG c.a.q.d.U.queryUserList_COUNT -==>  Preparing: SELECT count(0) FROM user_info WHERE username LIKE CONCAT('%', ?, '%')
2022-06-06 20:56:02.283 [http-nio-8085-exec-7] DEBUG c.a.q.d.U.queryUserList_COUNT -==> Parameters: (String)
2022-06-06 20:56:02.283 [http-nio-8085-exec-7] DEBUG c.a.q.d.U.queryUserList_COUNT -==> Parameters: (String)
2022-06-06 20:56:02.284 [http-nio-8085-exec-7] DEBUG c.a.q.d.U.queryUserList_COUNT -<==      Total: 1
2022-06-06 20:56:02.284 [http-nio-8085-exec-7] DEBUG c.a.q.d.U.queryUserList_COUNT -<==      Total: 1
2022-06-06 20:56:02.285 [http-nio-8085-exec-7] DEBUG c.a.q.d.U.queryUserList -==>  Preparing: select id, username, password, start_time as startTime, stop_time as endTime FROM user_info WHERE username LIKE CONCAT('%', ?, '%') ORDER BY start_time DESC LIMIT 10
2022-06-06 20:56:02.285 [http-nio-8085-exec-7] DEBUG c.a.q.d.U.queryUserList -==>  Preparing: select id, username, password, start_time as startTime, stop_time as endTime FROM user_info WHERE username LIKE CONCAT('%', ?, '%') ORDER BY start_time DESC LIMIT 10
2022-06-06 20:56:02.286 [http-nio-8085-exec-7] DEBUG c.a.q.d.U.queryUserList -==> Parameters: (String)
2022-06-06 20:56:02.286 [http-nio-8085-exec-7] DEBUG c.a.q.d.U.queryUserList -==> Parameters: (String)
2022-06-06 20:56:02.289 [http-nio-8085-exec-7] DEBUG c.a.q.d.U.queryUserList -<==      Total: 10
2022-06-06 20:56:02.289 [http-nio-8085-exec-7] DEBUG c.a.q.d.U.queryUserList -<==      Total: 10
2022-06-06 20:56:08.343 [http-nio-8085-exec-3] DEBUG c.a.q.d.U.queryUserList_COUNT -==>  Preparing: SELECT count(0) FROM user_info WHERE username LIKE CONCAT('%', ?, '%')
2022-06-06 20:56:08.343 [http-nio-8085-exec-3] DEBUG c.a.q.d.U.queryUserList_COUNT -==>  Preparing: SELECT count(0) FROM user_info WHERE username LIKE CONCAT('%', ?, '%')
2022-06-06 20:56:08.344 [http-nio-8085-exec-3] DEBUG c.a.q.d.U.queryUserList_COUNT -==> Parameters: (String)
2022-06-06 20:56:08.344 [http-nio-8085-exec-3] DEBUG c.a.q.d.U.queryUserList_COUNT -==> Parameters: (String)
2022-06-06 20:56:08.345 [http-nio-8085-exec-3] DEBUG c.a.q.d.U.queryUserList_COUNT -<==      Total: 1
2022-06-06 20:56:08.345 [http-nio-8085-exec-3] DEBUG c.a.q.d.U.queryUserList_COUNT -<==      Total: 1
2022-06-06 20:56:08.345 [http-nio-8085-exec-3] DEBUG c.a.q.d.U.queryUserList -==>  Preparing: select id, username, password, start_time as startTime, stop_time as endTime FROM user_info WHERE username LIKE CONCAT('%', ?, '%') ORDER BY start_time DESC LIMIT 10,10
2022-06-06 20:56:08.345 [http-nio-8085-exec-3] DEBUG c.a.q.d.U.queryUserList -==>  Preparing: select id, username, password, start_time as startTime, stop_time as endTime FROM user_info WHERE username LIKE CONCAT('%', ?, '%') ORDER BY start_time DESC LIMIT 10,10
2022-06-06 20:56:08.346 [http-nio-8085-exec-3] DEBUG c.a.q.d.U.queryUserList -==> Parameters: (String)
2022-06-06 20:56:08.346 [http-nio-8085-exec-3] DEBUG c.a.q.d.U.queryUserList -==> Parameters: (String)
2022-06-06 20:56:08.347 [http-nio-8085-exec-3] DEBUG c.a.q.d.U.queryUserList -<==      Total: 5
2022-06-06 20:56:08.347 [http-nio-8085-exec-3] DEBUG c.a.q.d.U.queryUserList -<==      Total: 5
2022-06-06 20:56:11.279 [http-nio-8085-exec-1] DEBUG c.a.q.d.U.queryUserList_COUNT -==>  Preparing: SELECT count(0) FROM user_info WHERE username LIKE CONCAT('%', ?, '%')
2022-06-06 20:56:11.279 [http-nio-8085-exec-1] DEBUG c.a.q.d.U.queryUserList_COUNT -==>  Preparing: SELECT count(0) FROM user_info WHERE username LIKE CONCAT('%', ?, '%')
2022-06-06 20:56:11.280 [http-nio-8085-exec-1] DEBUG c.a.q.d.U.queryUserList_COUNT -==> Parameters: (String)
2022-06-06 20:56:11.280 [http-nio-8085-exec-1] DEBUG c.a.q.d.U.queryUserList_COUNT -==> Parameters: (String)
2022-06-06 20:56:11.281 [http-nio-8085-exec-1] DEBUG c.a.q.d.U.queryUserList_COUNT -<==      Total: 1
2022-06-06 20:56:11.281 [http-nio-8085-exec-1] DEBUG c.a.q.d.U.queryUserList_COUNT -<==      Total: 1
2022-06-06 20:56:11.281 [http-nio-8085-exec-1] DEBUG c.a.q.d.U.queryUserList -==>  Preparing: select id, username, password, start_time as startTime, stop_time as endTime FROM user_info WHERE username LIKE CONCAT('%', ?, '%') ORDER BY start_time DESC LIMIT 10
2022-06-06 20:56:11.281 [http-nio-8085-exec-1] DEBUG c.a.q.d.U.queryUserList -==>  Preparing: select id, username, password, start_time as startTime, stop_time as endTime FROM user_info WHERE username LIKE CONCAT('%', ?, '%') ORDER BY start_time DESC LIMIT 10
2022-06-06 20:56:11.281 [http-nio-8085-exec-1] DEBUG c.a.q.d.U.queryUserList -==> Parameters: (String)
2022-06-06 20:56:11.281 [http-nio-8085-exec-1] DEBUG c.a.q.d.U.queryUserList -==> Parameters: (String)
2022-06-06 20:56:11.282 [http-nio-8085-exec-1] DEBUG c.a.q.d.U.queryUserList -<==      Total: 10
2022-06-06 20:56:11.282 [http-nio-8085-exec-1] DEBUG c.a.q.d.U.queryUserList -<==      Total: 10
2022-06-06 20:56:23.847 [http-nio-8085-exec-9] DEBUG c.a.q.d.U.selectUserInfo -==>  Preparing: SELECT id, username, password, status FROM user_info WHERE username = ? AND password = ? AND status = "1"
2022-06-06 20:56:23.847 [http-nio-8085-exec-9] DEBUG c.a.q.d.U.selectUserInfo -==>  Preparing: SELECT id, username, password, status FROM user_info WHERE username = ? AND password = ? AND status = "1"
2022-06-06 20:56:23.848 [http-nio-8085-exec-9] DEBUG c.a.q.d.U.selectUserInfo -==> Parameters: Kilo(String), 1234(String)
2022-06-06 20:56:23.848 [http-nio-8085-exec-9] DEBUG c.a.q.d.U.selectUserInfo -==> Parameters: Kilo(String), 1234(String)
2022-06-06 20:56:23.849 [http-nio-8085-exec-9] DEBUG c.a.q.d.U.selectUserInfo -<==      Total: 1
2022-06-06 20:56:23.849 [http-nio-8085-exec-9] DEBUG c.a.q.d.U.selectUserInfo -<==      Total: 1
2022-06-06 20:56:23.920 [http-nio-8085-exec-2] DEBUG c.a.q.d.P.queryProjectList -==>  Preparing: select id,project_name as projectName,project_content as projectContent,creation_date as createDate FROM project_info WHERE 1 = 1 AND created_by = ? ORDER BY creation_date DESC
2022-06-06 20:56:23.920 [http-nio-8085-exec-2] DEBUG c.a.q.d.P.queryProjectList -==>  Preparing: select id,project_name as projectName,project_content as projectContent,creation_date as createDate FROM project_info WHERE 1 = 1 AND created_by = ? ORDER BY creation_date DESC
2022-06-06 20:56:23.920 [http-nio-8085-exec-2] DEBUG c.a.q.d.P.queryProjectList -==> Parameters: Kilo(String)
2022-06-06 20:56:23.920 [http-nio-8085-exec-2] DEBUG c.a.q.d.P.queryProjectList -==> Parameters: Kilo(String)
2022-06-06 20:56:23.921 [http-nio-8085-exec-2] DEBUG c.a.q.d.P.queryProjectList -<==      Total: 0
2022-06-06 20:56:23.921 [http-nio-8085-exec-2] DEBUG c.a.q.d.P.queryProjectList -<==      Total: 0
2022-06-06 20:56:26.669 [http-nio-8085-exec-7] DEBUG c.a.q.d.U.queryUserList_COUNT -==>  Preparing: SELECT count(0) FROM user_info WHERE username LIKE CONCAT('%', ?, '%')
2022-06-06 20:56:26.669 [http-nio-8085-exec-7] DEBUG c.a.q.d.U.queryUserList_COUNT -==>  Preparing: SELECT count(0) FROM user_info WHERE username LIKE CONCAT('%', ?, '%')
2022-06-06 20:56:26.669 [http-nio-8085-exec-7] DEBUG c.a.q.d.U.queryUserList_COUNT -==> Parameters: (String)
2022-06-06 20:56:26.669 [http-nio-8085-exec-7] DEBUG c.a.q.d.U.queryUserList_COUNT -==> Parameters: (String)
2022-06-06 20:56:26.670 [http-nio-8085-exec-7] DEBUG c.a.q.d.U.queryUserList_COUNT -<==      Total: 1
2022-06-06 20:56:26.670 [http-nio-8085-exec-7] DEBUG c.a.q.d.U.queryUserList_COUNT -<==      Total: 1
2022-06-06 20:56:26.671 [http-nio-8085-exec-7] DEBUG c.a.q.d.U.queryUserList -==>  Preparing: select id, username, password, start_time as startTime, stop_time as endTime FROM user_info WHERE username LIKE CONCAT('%', ?, '%') ORDER BY start_time DESC LIMIT 10
2022-06-06 20:56:26.671 [http-nio-8085-exec-7] DEBUG c.a.q.d.U.queryUserList -==>  Preparing: select id, username, password, start_time as startTime, stop_time as endTime FROM user_info WHERE username LIKE CONCAT('%', ?, '%') ORDER BY start_time DESC LIMIT 10
2022-06-06 20:56:26.672 [http-nio-8085-exec-7] DEBUG c.a.q.d.U.queryUserList -==> Parameters: (String)
2022-06-06 20:56:26.672 [http-nio-8085-exec-7] DEBUG c.a.q.d.U.queryUserList -==> Parameters: (String)
2022-06-06 20:56:26.674 [http-nio-8085-exec-7] DEBUG c.a.q.d.U.queryUserList -<==      Total: 10
2022-06-06 20:56:26.674 [http-nio-8085-exec-7] DEBUG c.a.q.d.U.queryUserList -<==      Total: 10
